Release 14.7 - xst P.20131013 (lin64)
Copyright (c) 1995-2013 Xilinx, Inc.  All rights reserved.
--> 
Parameter TMPDIR set to xst/projnav.tmp


Total REAL time to Xst completion: 0.00 secs
Total CPU time to Xst completion: 0.01 secs
 
--> 
Parameter xsthdpdir set to xst


Total REAL time to Xst completion: 0.00 secs
Total CPU time to Xst completion: 0.01 secs
 
--> 
Reading design: divisorDeReloj.prj

TABLE OF CONTENTS
  1) Synthesis Options Summary
  2) HDL Compilation
  3) Design Hierarchy Analysis
  4) HDL Analysis
  5) HDL Synthesis
     5.1) HDL Synthesis Report
  6) Advanced HDL Synthesis
     6.1) Advanced HDL Synthesis Report
  7) Low Level Synthesis
  8) Partition Report
  9) Final Report
	9.1) Device utilization summary
	9.2) Partition Resource Summary
	9.3) TIMING REPORT


=========================================================================
*                      Synthesis Options Summary                        *
=========================================================================
---- Source Parameters
Input File Name                    : "divisorDeReloj.prj"
Input Format                       : mixed
Ignore Synthesis Constraint File   : NO

---- Target Parameters
Output File Name                   : "divisorDeReloj"
Output Format                      : NGC
Target Device                      : xc3s500e-5-fg320

---- Source Options
Top Module Name                    : divisorDeReloj
Automatic FSM Extraction           : YES
FSM Encoding Algorithm             : Auto
Safe Implementation                : No
FSM Style                          : LUT
RAM Extraction                     : Yes
RAM Style                          : Auto
ROM Extraction                     : Yes
Mux Style                          : Auto
Decoder Extraction                 : YES
Priority Encoder Extraction        : Yes
Shift Register Extraction          : YES
Logical Shifter Extraction         : YES
XOR Collapsing                     : YES
ROM Style                          : Auto
Mux Extraction                     : Yes
Resource Sharing                   : YES
Asynchronous To Synchronous        : NO
Multiplier Style                   : Auto
Automatic Register Balancing       : No

---- Target Options
Add IO Buffers                     : YES
Global Maximum Fanout              : 500
Add Generic Clock Buffer(BUFG)     : 24
Register Duplication               : YES
Slice Packing                      : YES
Optimize Instantiated Primitives   : NO
Use Clock Enable                   : Yes
Use Synchronous Set                : Yes
Use Synchronous Reset              : Yes
Pack IO Registers into IOBs        : Auto
Equivalent register Removal        : YES

---- General Options
Optimization Goal                  : Speed
Optimization Effort                : 1
Keep Hierarchy                     : No
Netlist Hierarchy                  : As_Optimized
RTL Output                         : Yes
Global Optimization                : AllClockNets
Read Cores                         : YES
Write Timing Constraints           : NO
Cross Clock Analysis               : NO
Hierarchy Separator                : /
Bus Delimiter                      : <>
Case Specifier                     : Maintain
Slice Utilization Ratio            : 100
BRAM Utilization Ratio             : 100
Verilog 2001                       : YES
Auto BRAM Packing                  : NO
Slice Utilization Ratio Delta      : 5

=========================================================================


=========================================================================
*                          HDL Compilation                              *
=========================================================================
Compiling vhdl file "/home/ise/Aprendiendo/VHDL_Verilog/MotorAPasosUnipolarPasoSImpleTLD/divisorDeReloj.vhd" in Library work.
Architecture behavioral of Entity divisordereloj is up to date.

=========================================================================
*                     Design Hierarchy Analysis                         *
=========================================================================
Analyzing hierarchy for entity <divisorDeReloj> in library <work> (architecture <behavioral>).


=========================================================================
*                            HDL Analysis                               *
=========================================================================
Analyzing Entity <divisorDeReloj> in library <work> (Architecture <behavioral>).
Entity <divisorDeReloj> analyzed. Unit <divisorDeReloj> generated.


=========================================================================
*                           HDL Synthesis                               *
=========================================================================

Performing bidirectional port resolution...

Synthesizing Unit <divisorDeReloj>.
    Related source file is "/home/ise/Aprendiendo/VHDL_Verilog/MotorAPasosUnipolarPasoSImpleTLD/divisorDeReloj.vhd".
    Found 1-bit register for signal <clk_out>.
    Found 32-bit up counter for signal <contador>.
    Found 1-bit register for signal <i_clk>.
    Summary:
	inferred   1 Counter(s).
	inferred   2 D-type flip-flop(s).
Unit <divisorDeReloj> synthesized.


=========================================================================
HDL Synthesis Report

Macro Statistics
# Counters                                             : 1
 32-bit up counter                                     : 1
# Registers                                            : 2
 1-bit register                                        : 2

=========================================================================

=========================================================================
*                       Advanced HDL Synthesis                          *
=========================================================================


=========================================================================
Advanced HDL Synthesis Report

Macro Statistics
# Counters                                             : 1
 32-bit up counter                                     : 1
# Registers                                            : 2
 Flip-Flops                                            : 2

=========================================================================

=========================================================================
*                         Low Level Synthesis                           *
=========================================================================

Optimizing unit <divisorDeReloj> ...

Mapping all equations...
Building and optimizing final netlist ...
Found area constraint ratio of 100 (+ 5) on block divisorDeReloj, actual ratio is 0.

Final Macro Processing ...

=========================================================================
Final Register Report

Macro Statistics
# Registers                                            : 34
 Flip-Flops                                            : 34

=========================================================================

=========================================================================
*                           Partition Report                            *
=========================================================================

Partition Implementation Status
-------------------------------

  No Partitions were found in this design.

-------------------------------

=========================================================================
*                            Final Report                               *
=========================================================================
Final Results
RTL Top Level Output File Name     : divisorDeReloj.ngr
Top Level Output File Name         : divisorDeReloj
Output Format                      : NGC
Optimization Goal                  : Speed
Keep Hierarchy                     : No

Design Statistics
# IOs                              : 3

Cell Usage :
# BELS                             : 116
#      GND                         : 1
#      INV                         : 3
#      LUT1                        : 31
#      LUT2                        : 1
#      LUT4                        : 8
#      MUXCY                       : 39
#      VCC                         : 1
#      XORCY                       : 32
# FlipFlops/Latches                : 34
#      FDC                         : 1
#      FDE                         : 1
#      FDR                         : 32
# Clock Buffers                    : 1
#      BUFGP                       : 1
# IO Buffers                       : 2
#      IBUF                        : 1
#      OBUF                        : 1
=========================================================================

Device utilization summary:
---------------------------

Selected Device : 3s500efg320-5 

 Number of Slices:                       22  out of   4656     0%  
 Number of Slice Flip Flops:             34  out of   9312     0%  
 Number of 4 input LUTs:                 43  out of   9312     0%  
 Number of IOs:                           3
 Number of bonded IOBs:                   3  out of    232     1%  
 Number of GCLKs:                         1  out of     24     4%  

---------------------------
Partition Resource Summary:
---------------------------

  No Partitions were found in this design.

---------------------------


=========================================================================
TIMING REPORT

NOTE: THESE TIMING NUMBERS ARE ONLY A SYNTHESIS ESTIMATE.
      FOR ACCURATE TIMING INFORMATION PLEASE REFER TO THE TRACE REPORT
      GENERATED AFTER PLACE-and-ROUTE.

Clock Information:
------------------
-----------------------------------+------------------------+-------+
Clock Signal                       | Clock buffer(FF name)  | Load  |
-----------------------------------+------------------------+-------+
relojEntrada50MHz                  | BUFGP                  | 33    |
i_clk                              | NONE(clk_out)          | 1     |
-----------------------------------+------------------------+-------+
INFO:Xst:2169 - HDL ADVISOR - Some clock signals were not automatically buffered by XST with BUFG/BUFR resources. Please use the buffer_type constraint in order to insert these buffers to the clock signals to help prevent skew problems.

Asynchronous Control Signals Information:
----------------------------------------
-----------------------------------+------------------------+-------+
Control Signal                     | Buffer(FF name)        | Load  |
-----------------------------------+------------------------+-------+
reset                              | IBUF                   | 1     |
-----------------------------------+------------------------+-------+

Timing Summary:
---------------
Speed Grade: -5

   Minimum period: 5.588ns (Maximum Frequency: 178.946MHz)
   Minimum input arrival time before clock: 4.189ns
   Maximum output required time after clock: 4.063ns
   Maximum combinational path delay: No path found

Timing Detail:
--------------
All values displayed in nanoseconds (ns)

=========================================================================
Timing constraint: Default period analysis for Clock 'relojEntrada50MHz'
  Clock period: 5.588ns (frequency: 178.946MHz)
  Total number of paths / destination ports: 1584 / 65
-------------------------------------------------------------------------
Delay:               5.588ns (Levels of Logic = 10)
  Source:            contador_8 (FF)
  Destination:       contador_0 (FF)
  Source Clock:      relojEntrada50MHz rising
  Destination Clock: relojEntrada50MHz rising

  Data Path: contador_8 to contador_0
                                Gate     Net
    Cell:in->out      fanout   Delay   Delay  Logical Name (Net Name)
    ----------------------------------------  ------------
     FDR:C->Q              2   0.514   0.532  contador_8 (contador_8)
     LUT4:I0->O            1   0.612   0.000  i_clk_cmp_eq0000_wg_lut<0> (i_clk_cmp_eq0000_wg_lut<0>)
     MUXCY:S->O            1   0.404   0.000  i_clk_cmp_eq0000_wg_cy<0> (i_clk_cmp_eq0000_wg_cy<0>)
     MUXCY:CI->O           1   0.052   0.000  i_clk_cmp_eq0000_wg_cy<1> (i_clk_cmp_eq0000_wg_cy<1>)
     MUXCY:CI->O           1   0.052   0.000  i_clk_cmp_eq0000_wg_cy<2> (i_clk_cmp_eq0000_wg_cy<2>)
     MUXCY:CI->O           1   0.052   0.000  i_clk_cmp_eq0000_wg_cy<3> (i_clk_cmp_eq0000_wg_cy<3>)
     MUXCY:CI->O           1   0.052   0.000  i_clk_cmp_eq0000_wg_cy<4> (i_clk_cmp_eq0000_wg_cy<4>)
     MUXCY:CI->O           1   0.052   0.000  i_clk_cmp_eq0000_wg_cy<5> (i_clk_cmp_eq0000_wg_cy<5>)
     MUXCY:CI->O           1   0.052   0.000  i_clk_cmp_eq0000_wg_cy<6> (i_clk_cmp_eq0000_wg_cy<6>)
     MUXCY:CI->O           2   0.289   0.449  i_clk_cmp_eq0000_wg_cy<7> (i_clk_cmp_eq0000)
     LUT2:I1->O           32   0.612   1.073  contador_or00001 (contador_or0000)
     FDR:R                     0.795          contador_0
    ----------------------------------------
    Total                      5.588ns (3.535ns logic, 2.054ns route)
                                       (63.2% logic, 36.8% route)

=========================================================================
Timing constraint: Default period analysis for Clock 'i_clk'
  Clock period: 2.131ns (frequency: 469.274MHz)
  Total number of paths / destination ports: 1 / 1
-------------------------------------------------------------------------
Delay:               2.131ns (Levels of Logic = 1)
  Source:            clk_out (FF)
  Destination:       clk_out (FF)
  Source Clock:      i_clk rising
  Destination Clock: i_clk rising

  Data Path: clk_out to clk_out
                                Gate     Net
    Cell:in->out      fanout   Delay   Delay  Logical Name (Net Name)
    ----------------------------------------  ------------
     FDC:C->Q              2   0.514   0.380  clk_out (clk_out)
     INV:I->O              1   0.612   0.357  clk_out_not00011_INV_0 (clk_out_not0001)
     FDC:D                     0.268          clk_out
    ----------------------------------------
    Total                      2.131ns (1.394ns logic, 0.737ns route)
                                       (65.4% logic, 34.6% route)

=========================================================================
Timing constraint: Default OFFSET IN BEFORE for Clock 'relojEntrada50MHz'
  Total number of paths / destination ports: 33 / 33
-------------------------------------------------------------------------
Offset:              4.189ns (Levels of Logic = 2)
  Source:            reset (PAD)
  Destination:       contador_0 (FF)
  Destination Clock: relojEntrada50MHz rising

  Data Path: reset to contador_0
                                Gate     Net
    Cell:in->out      fanout   Delay   Delay  Logical Name (Net Name)
    ----------------------------------------  ------------
     IBUF:I->O             3   1.106   0.603  reset_IBUF (reset_IBUF)
     LUT2:I0->O           32   0.612   1.073  contador_or00001 (contador_or0000)
     FDR:R                     0.795          contador_0
    ----------------------------------------
    Total                      4.189ns (2.513ns logic, 1.676ns route)
                                       (60.0% logic, 40.0% route)

=========================================================================
Timing constraint: Default OFFSET OUT AFTER for Clock 'i_clk'
  Total number of paths / destination ports: 1 / 1
-------------------------------------------------------------------------
Offset:              4.063ns (Levels of Logic = 1)
  Source:            clk_out (FF)
  Destination:       relojSalida (PAD)
  Source Clock:      i_clk rising

  Data Path: clk_out to relojSalida
                                Gate     Net
    Cell:in->out      fanout   Delay   Delay  Logical Name (Net Name)
    ----------------------------------------  ------------
     FDC:C->Q              2   0.514   0.380  clk_out (clk_out)
     OBUF:I->O                 3.169          relojSalida_OBUF (relojSalida)
    ----------------------------------------
    Total                      4.063ns (3.683ns logic, 0.380ns route)
                                       (90.6% logic, 9.4% route)

=========================================================================


Total REAL time to Xst completion: 3.00 secs
Total CPU time to Xst completion: 0.83 secs
 
--> 


Total memory usage is 607836 kilobytes

Number of errors   :    0 (   0 filtered)
Number of warnings :    0 (   0 filtered)
Number of infos    :    1 (   0 filtered)

