Release 14.7 - xst P.20131013 (lin64)
Copyright (c) 1995-2013 Xilinx, Inc.  All rights reserved.
--> 
Parameter TMPDIR set to xst/projnav.tmp


Total REAL time to Xst completion: 0.00 secs
Total CPU time to Xst completion: 0.00 secs
 
--> 
Parameter xsthdpdir set to xst


Total REAL time to Xst completion: 0.00 secs
Total CPU time to Xst completion: 0.00 secs
 
--> 
Reading design: shiftAdd3.prj

TABLE OF CONTENTS
  1) Synthesis Options Summary
  2) HDL Compilation
  3) Design Hierarchy Analysis
  4) HDL Analysis
  5) HDL Synthesis
     5.1) HDL Synthesis Report
  6) Advanced HDL Synthesis
     6.1) Advanced HDL Synthesis Report
  7) Low Level Synthesis
  8) Partition Report
  9) Final Report
	9.1) Device utilization summary
	9.2) Partition Resource Summary
	9.3) TIMING REPORT


=========================================================================
*                      Synthesis Options Summary                        *
=========================================================================
---- Source Parameters
Input File Name                    : "shiftAdd3.prj"
Input Format                       : mixed
Ignore Synthesis Constraint File   : NO

---- Target Parameters
Output File Name                   : "shiftAdd3"
Output Format                      : NGC
Target Device                      : xc3s500e-5-fg320

---- Source Options
Top Module Name                    : shiftAdd3
Automatic FSM Extraction           : YES
FSM Encoding Algorithm             : Auto
Safe Implementation                : No
FSM Style                          : LUT
RAM Extraction                     : Yes
RAM Style                          : Auto
ROM Extraction                     : Yes
Mux Style                          : Auto
Decoder Extraction                 : YES
Priority Encoder Extraction        : Yes
Shift Register Extraction          : YES
Logical Shifter Extraction         : YES
XOR Collapsing                     : YES
ROM Style                          : Auto
Mux Extraction                     : Yes
Resource Sharing                   : YES
Asynchronous To Synchronous        : NO
Multiplier Style                   : Auto
Automatic Register Balancing       : No

---- Target Options
Add IO Buffers                     : YES
Global Maximum Fanout              : 100000
Add Generic Clock Buffer(BUFG)     : 24
Register Duplication               : YES
Slice Packing                      : YES
Optimize Instantiated Primitives   : NO
Use Clock Enable                   : Yes
Use Synchronous Set                : Yes
Use Synchronous Reset              : Yes
Pack IO Registers into IOBs        : Auto
Equivalent register Removal        : YES

---- General Options
Optimization Goal                  : Speed
Optimization Effort                : 1
Keep Hierarchy                     : No
Netlist Hierarchy                  : As_Optimized
RTL Output                         : Yes
Global Optimization                : AllClockNets
Read Cores                         : YES
Write Timing Constraints           : NO
Cross Clock Analysis               : NO
Hierarchy Separator                : /
Bus Delimiter                      : <>
Case Specifier                     : Maintain
Slice Utilization Ratio            : 100
BRAM Utilization Ratio             : 100
Verilog 2001                       : YES
Auto BRAM Packing                  : NO
Slice Utilization Ratio Delta      : 5

=========================================================================


=========================================================================
*                          HDL Compilation                              *
=========================================================================
WARNING:HDLParsers:3607 - Unit work/shiftAdd3 is now defined in a different file.  It was defined in "/home/ise/Aprendiendo/VHDL_Verilog/7.-ConvertidorBinarioBCDVHDL/shiftAdd3.vhd", and is now defined in "/home/ise/Aprendiendo/VHDL_Verilog/9.-ConvertidorBinarioBCDVHDL/shiftAdd3.vhd".
WARNING:HDLParsers:3607 - Unit work/shiftAdd3/metodoShiftAdd3 is now defined in a different file.  It was defined in "/home/ise/Aprendiendo/VHDL_Verilog/7.-ConvertidorBinarioBCDVHDL/shiftAdd3.vhd", and is now defined in "/home/ise/Aprendiendo/VHDL_Verilog/9.-ConvertidorBinarioBCDVHDL/shiftAdd3.vhd".
Compiling vhdl file "/home/ise/Aprendiendo/VHDL_Verilog/9.-ConvertidorBinarioBCDVHDL/shiftAdd3.vhd" in Library work.
WARNING:HDLParsers:3530 - Time stamp of file "/home/ise/Aprendiendo/VHDL_Verilog/9.-ConvertidorBinarioBCDVHDL/shiftAdd3.vhd" is newer than current system time.
Entity <shiftadd3> compiled.
Entity <shiftadd3> (Architecture <metodoshiftadd3>) compiled.

=========================================================================
*                     Design Hierarchy Analysis                         *
=========================================================================
Analyzing hierarchy for entity <shiftAdd3> in library <work> (architecture <metodoshiftadd3>).


=========================================================================
*                            HDL Analysis                               *
=========================================================================
Analyzing Entity <shiftAdd3> in library <work> (Architecture <metodoshiftadd3>).
Entity <shiftAdd3> analyzed. Unit <shiftAdd3> generated.


=========================================================================
*                           HDL Synthesis                               *
=========================================================================

Performing bidirectional port resolution...

Synthesizing Unit <shiftAdd3>.
    Related source file is "/home/ise/Aprendiendo/VHDL_Verilog/9.-ConvertidorBinarioBCDVHDL/shiftAdd3.vhd".
    Found 4-bit comparator greater for signal <posiciones_11$cmp_gt0000> created at line 70.
    Found 4-bit comparator greater for signal <posiciones_11$cmp_gt0001> created at line 70.
    Found 4-bit comparator greater for signal <posiciones_11$cmp_gt0002> created at line 70.
    Found 4-bit comparator greater for signal <posiciones_11$cmp_gt0003> created at line 70.
    Found 4-bit comparator greater for signal <posiciones_11$cmp_gt0004> created at line 70.
    Found 4-bit adder for signal <posiciones_11_8$add0000> created at line 73.
    Found 4-bit adder for signal <posiciones_11_8$add0001> created at line 73.
    Found 4-bit adder for signal <posiciones_11_8$add0002> created at line 73.
    Found 4-bit adder for signal <posiciones_11_8$add0003> created at line 73.
    Found 4-bit adder for signal <posiciones_11_8$add0004> created at line 73.
    Found 4-bit comparator greater for signal <posiciones_15$cmp_gt0000> created at line 78.
    Found 4-bit comparator greater for signal <posiciones_15$cmp_gt0001> created at line 78.
    Found 4-bit adder for signal <posiciones_15_12$add0000> created at line 80.
    Found 4-bit adder for signal <posiciones_15_12$add0001> created at line 80.
    Summary:
	inferred   7 Adder/Subtractor(s).
	inferred   7 Comparator(s).
Unit <shiftAdd3> synthesized.


=========================================================================
HDL Synthesis Report

Macro Statistics
# Adders/Subtractors                                   : 7
 4-bit adder                                           : 7
# Comparators                                          : 7
 4-bit comparator greater                              : 7

=========================================================================

=========================================================================
*                       Advanced HDL Synthesis                          *
=========================================================================


=========================================================================
Advanced HDL Synthesis Report

Macro Statistics
# Adders/Subtractors                                   : 7
 4-bit adder                                           : 7
# Comparators                                          : 7
 4-bit comparator greater                              : 7

=========================================================================

=========================================================================
*                         Low Level Synthesis                           *
=========================================================================

Optimizing unit <shiftAdd3> ...

Mapping all equations...
Building and optimizing final netlist ...
Found area constraint ratio of 100 (+ 5) on block shiftAdd3, actual ratio is 0.

Final Macro Processing ...

=========================================================================
Final Register Report

Found no macro
=========================================================================

=========================================================================
*                           Partition Report                            *
=========================================================================

Partition Implementation Status
-------------------------------

  No Partitions were found in this design.

-------------------------------

=========================================================================
*                            Final Report                               *
=========================================================================
Final Results
RTL Top Level Output File Name     : shiftAdd3.ngr
Top Level Output File Name         : shiftAdd3
Output Format                      : NGC
Optimization Goal                  : Speed
Keep Hierarchy                     : No

Design Statistics
# IOs                              : 18

Cell Usage :
# BELS                             : 30
#      LUT2                        : 2
#      LUT3                        : 3
#      LUT4                        : 23
#      MUXF5                       : 2
# IO Buffers                       : 18
#      IBUF                        : 8
#      OBUF                        : 10
=========================================================================

Device utilization summary:
---------------------------

Selected Device : 3s500efg320-5 

 Number of Slices:                       16  out of   4656     0%  
 Number of 4 input LUTs:                 28  out of   9312     0%  
 Number of IOs:                          18
 Number of bonded IOBs:                  18  out of    232     7%  

---------------------------
Partition Resource Summary:
---------------------------

  No Partitions were found in this design.

---------------------------


=========================================================================
TIMING REPORT

NOTE: THESE TIMING NUMBERS ARE ONLY A SYNTHESIS ESTIMATE.
      FOR ACCURATE TIMING INFORMATION PLEASE REFER TO THE TRACE REPORT
      GENERATED AFTER PLACE-and-ROUTE.

Clock Information:
------------------
No clock signals found in this design

Asynchronous Control Signals Information:
----------------------------------------
No asynchronous control signals found in this design

Timing Summary:
---------------
Speed Grade: -5

   Minimum period: No path found
   Minimum input arrival time before clock: No path found
   Maximum output required time after clock: No path found
   Maximum combinational path delay: 13.611ns

Timing Detail:
--------------
All values displayed in nanoseconds (ns)

=========================================================================
Timing constraint: Default path analysis
  Total number of paths / destination ports: 1063 / 10
-------------------------------------------------------------------------
Delay:               13.611ns (Levels of Logic = 10)
  Source:            numBinario<6> (PAD)
  Destination:       BCD<5> (PAD)

  Data Path: numBinario<6> to BCD<5>
                                Gate     Net
    Cell:in->out      fanout   Delay   Delay  Logical Name (Net Name)
    ----------------------------------------  ------------
     IBUF:I->O             9   1.106   0.849  numBinario_6_IBUF (numBinario_6_IBUF)
     LUT4:I0->O            5   0.612   0.607  posiciones_11_mux00011 (posiciones_11_mux0001)
     LUT4:I1->O            6   0.612   0.721  posiciones_11_mux000211 (N7)
     LUT3:I0->O            4   0.612   0.502  posiciones_9_mux000311 (N4)
     LUT4:I3->O            3   0.612   0.603  posiciones_11_mux00031 (Madd_posiciones_15_12_add0001_cy<0>)
     LUT4:I0->O            2   0.612   0.532  Madd_posiciones_15_12_add0001_cy<1>11 (Madd_posiciones_15_12_add0001_cy<1>)
     LUT3:I0->O            1   0.612   0.000  posiciones_15_mux000136_G (N30)
     MUXF5:I1->O           3   0.278   0.603  posiciones_15_mux000136 (BCD_8_OBUF)
     LUT2:I0->O            1   0.612   0.357  posiciones_12_mux00011 (BCD_5_OBUF)
     OBUF:I->O                 3.169          BCD_5_OBUF (BCD<5>)
    ----------------------------------------
    Total                     13.611ns (8.837ns logic, 4.774ns route)
                                       (64.9% logic, 35.1% route)

=========================================================================


Total REAL time to Xst completion: 4.00 secs
Total CPU time to Xst completion: 0.90 secs
 
--> 


Total memory usage is 608136 kilobytes

Number of errors   :    0 (   0 filtered)
Number of warnings :    3 (   0 filtered)
Number of infos    :    0 (   0 filtered)

