Release 14.7 - xst P.20131013 (lin64)
Copyright (c) 1995-2013 Xilinx, Inc.  All rights reserved.
--> 
Parameter TMPDIR set to xst/projnav.tmp


Total REAL time to Xst completion: 0.00 secs
Total CPU time to Xst completion: 0.00 secs
 
--> 
Parameter xsthdpdir set to xst


Total REAL time to Xst completion: 0.00 secs
Total CPU time to Xst completion: 0.00 secs
 
--> 
Reading design: shiftAdd3.prj

TABLE OF CONTENTS
  1) Synthesis Options Summary
  2) HDL Compilation
  3) Design Hierarchy Analysis
  4) HDL Analysis
  5) HDL Synthesis
     5.1) HDL Synthesis Report
  6) Advanced HDL Synthesis
     6.1) Advanced HDL Synthesis Report
  7) Low Level Synthesis
  8) Partition Report
  9) Final Report
	9.1) Device utilization summary
	9.2) Partition Resource Summary
	9.3) TIMING REPORT


=========================================================================
*                      Synthesis Options Summary                        *
=========================================================================
---- Source Parameters
Input File Name                    : "shiftAdd3.prj"
Input Format                       : mixed
Ignore Synthesis Constraint File   : NO

---- Target Parameters
Output File Name                   : "shiftAdd3"
Output Format                      : NGC
Target Device                      : xc3s500e-5-fg320

---- Source Options
Top Module Name                    : shiftAdd3
Automatic FSM Extraction           : YES
FSM Encoding Algorithm             : Auto
Safe Implementation                : No
FSM Style                          : LUT
RAM Extraction                     : Yes
RAM Style                          : Auto
ROM Extraction                     : Yes
Mux Style                          : Auto
Decoder Extraction                 : YES
Priority Encoder Extraction        : Yes
Shift Register Extraction          : YES
Logical Shifter Extraction         : YES
XOR Collapsing                     : YES
ROM Style                          : Auto
Mux Extraction                     : Yes
Resource Sharing                   : YES
Asynchronous To Synchronous        : NO
Multiplier Style                   : Auto
Automatic Register Balancing       : No

---- Target Options
Add IO Buffers                     : YES
Global Maximum Fanout              : 500
Add Generic Clock Buffer(BUFG)     : 24
Register Duplication               : YES
Slice Packing                      : YES
Optimize Instantiated Primitives   : NO
Use Clock Enable                   : Yes
Use Synchronous Set                : Yes
Use Synchronous Reset              : Yes
Pack IO Registers into IOBs        : Auto
Equivalent register Removal        : YES

---- General Options
Optimization Goal                  : Speed
Optimization Effort                : 1
Keep Hierarchy                     : No
Netlist Hierarchy                  : As_Optimized
RTL Output                         : Yes
Global Optimization                : AllClockNets
Read Cores                         : YES
Write Timing Constraints           : NO
Cross Clock Analysis               : NO
Hierarchy Separator                : /
Bus Delimiter                      : <>
Case Specifier                     : Maintain
Slice Utilization Ratio            : 100
BRAM Utilization Ratio             : 100
Verilog 2001                       : YES
Auto BRAM Packing                  : NO
Slice Utilization Ratio Delta      : 5

=========================================================================


=========================================================================
*                          HDL Compilation                              *
=========================================================================
Compiling verilog file "shiftAdd3.v" in library work
Module <shiftAdd3> compiled
No errors in compilation
Analysis of file <"shiftAdd3.prj"> succeeded.
 

=========================================================================
*                     Design Hierarchy Analysis                         *
=========================================================================
Analyzing hierarchy for module <shiftAdd3> in library <work>.


=========================================================================
*                            HDL Analysis                               *
=========================================================================
Analyzing top module <shiftAdd3>.
Module <shiftAdd3> is correct for synthesis.
 

=========================================================================
*                           HDL Synthesis                               *
=========================================================================

Performing bidirectional port resolution...

Synthesizing Unit <shiftAdd3>.
    Related source file is "shiftAdd3.v".
WARNING:Xst:646 - Signal <posiciones<7:0>> is assigned but never used. This unconnected signal will be trimmed during the optimization process.
    Found 4-bit adder for signal <$add0000> created at line 60.
    Found 4-bit adder for signal <$add0001> created at line 60.
    Found 4-bit adder for signal <$add0002> created at line 60.
    Found 4-bit adder for signal <$add0003> created at line 60.
    Found 4-bit adder for signal <$add0004> created at line 68.
    Found 4-bit adder for signal <$add0005> created at line 60.
    Found 4-bit adder for signal <$add0006> created at line 68.
    Found 4-bit comparator greater for signal <posiciones_17_1$cmp_gt0000> created at line 57.
    Found 4-bit comparator greater for signal <posiciones_17_1$cmp_gt0001> created at line 57.
    Found 4-bit comparator greater for signal <posiciones_17_1$cmp_gt0002> created at line 57.
    Found 4-bit comparator greater for signal <posiciones_17_1$cmp_gt0003> created at line 66.
    Found 4-bit comparator greater for signal <posiciones_17_1$cmp_gt0004> created at line 57.
    Found 4-bit comparator greater for signal <posiciones_17_1$cmp_gt0005> created at line 66.
    Found 4-bit comparator greater for signal <posiciones_17_1$cmp_gt0006> created at line 57.
    Summary:
	inferred   7 Adder/Subtractor(s).
	inferred   7 Comparator(s).
Unit <shiftAdd3> synthesized.


=========================================================================
HDL Synthesis Report

Macro Statistics
# Adders/Subtractors                                   : 7
 4-bit adder                                           : 7
# Comparators                                          : 7
 4-bit comparator greater                              : 7

=========================================================================

=========================================================================
*                       Advanced HDL Synthesis                          *
=========================================================================


=========================================================================
Advanced HDL Synthesis Report

Macro Statistics
# Adders/Subtractors                                   : 7
 4-bit adder                                           : 7
# Comparators                                          : 7
 4-bit comparator greater                              : 7

=========================================================================

=========================================================================
*                         Low Level Synthesis                           *
=========================================================================

Optimizing unit <shiftAdd3> ...

Mapping all equations...
Building and optimizing final netlist ...
Found area constraint ratio of 100 (+ 5) on block shiftAdd3, actual ratio is 0.

Final Macro Processing ...

=========================================================================
Final Register Report

Found no macro
=========================================================================

=========================================================================
*                           Partition Report                            *
=========================================================================

Partition Implementation Status
-------------------------------

  No Partitions were found in this design.

-------------------------------

=========================================================================
*                            Final Report                               *
=========================================================================
Final Results
RTL Top Level Output File Name     : shiftAdd3.ngr
Top Level Output File Name         : shiftAdd3
Output Format                      : NGC
Optimization Goal                  : Speed
Keep Hierarchy                     : No

Design Statistics
# IOs                              : 18

Cell Usage :
# BELS                             : 30
#      LUT2                        : 2
#      LUT3                        : 3
#      LUT4                        : 23
#      MUXF5                       : 2
# IO Buffers                       : 18
#      IBUF                        : 8
#      OBUF                        : 10
=========================================================================

Device utilization summary:
---------------------------

Selected Device : 3s500efg320-5 

 Number of Slices:                       16  out of   4656     0%  
 Number of 4 input LUTs:                 28  out of   9312     0%  
 Number of IOs:                          18
 Number of bonded IOBs:                  18  out of    232     7%  

---------------------------
Partition Resource Summary:
---------------------------

  No Partitions were found in this design.

---------------------------


=========================================================================
TIMING REPORT

NOTE: THESE TIMING NUMBERS ARE ONLY A SYNTHESIS ESTIMATE.
      FOR ACCURATE TIMING INFORMATION PLEASE REFER TO THE TRACE REPORT
      GENERATED AFTER PLACE-and-ROUTE.

Clock Information:
------------------
No clock signals found in this design

Asynchronous Control Signals Information:
----------------------------------------
No asynchronous control signals found in this design

Timing Summary:
---------------
Speed Grade: -5

   Minimum period: No path found
   Minimum input arrival time before clock: No path found
   Maximum output required time after clock: No path found
   Maximum combinational path delay: 13.664ns

Timing Detail:
--------------
All values displayed in nanoseconds (ns)

=========================================================================
Timing constraint: Default path analysis
  Total number of paths / destination ports: 1063 / 10
-------------------------------------------------------------------------
Delay:               13.664ns (Levels of Logic = 10)
  Source:            numBinario<5> (PAD)
  Destination:       BCD<6> (PAD)

  Data Path: numBinario<5> to BCD<6>
                                Gate     Net
    Cell:in->out      fanout   Delay   Delay  Logical Name (Net Name)
    ----------------------------------------  ------------
     IBUF:I->O            10   1.106   0.902  numBinario_5_IBUF (Madd__add0000_cy<0>)
     LUT4:I0->O            5   0.612   0.607  posiciones_17_1_mux00041 (posiciones_17_1_mux0004)
     LUT4:I1->O            6   0.612   0.721  posiciones_17_1_mux000811 (N7)
     LUT3:I0->O            4   0.612   0.502  posiciones_17_1_mux001811 (N3)
     LUT4:I3->O            3   0.612   0.603  posiciones_17_1_mux00161 (Madd__add0006_cy<0>)
     LUT4:I0->O            2   0.612   0.532  Madd__add0006_cy<1>11 (Madd__add0006_cy<1>)
     LUT3:I0->O            1   0.612   0.000  posiciones_17_1_mux002036_G (N30)
     MUXF5:I1->O           3   0.278   0.603  posiciones_17_1_mux002036 (BCD_8_OBUF)
     LUT2:I0->O            1   0.612   0.357  posiciones_17_1_mux00231 (BCD_5_OBUF)
     OBUF:I->O                 3.169          BCD_5_OBUF (BCD<5>)
    ----------------------------------------
    Total                     13.664ns (8.837ns logic, 4.827ns route)
                                       (64.7% logic, 35.3% route)

=========================================================================


Total REAL time to Xst completion: 4.00 secs
Total CPU time to Xst completion: 0.91 secs
 
--> 


Total memory usage is 607292 kilobytes

Number of errors   :    0 (   0 filtered)
Number of warnings :    1 (   0 filtered)
Number of infos    :    0 (   0 filtered)

