--------------------------------------------------------------------------------
Release 14.7 Trace  (lin64)
Copyright (c) 1995-2013 Xilinx, Inc.  All rights reserved.

/opt/Xilinx/14.7/ISE_DS/ISE/bin/lin64/unwrapped/trce -intstyle ise -v 3 -s 5 -n
3 -fastpaths -xml MotorAPasosBipolarPasosTLD.twx MotorAPasosBipolarPasosTLD.ncd
-o MotorAPasosBipolarPasosTLD.twr MotorAPasosBipolarPasosTLD.pcf

Design file:              MotorAPasosBipolarPasosTLD.ncd
Physical constraint file: MotorAPasosBipolarPasosTLD.pcf
Device,package,speed:     xc3s500e,fg320,-5 (PRODUCTION 1.27 2013-10-13)
Report level:             verbose report

Environment Variable      Effect 
--------------------      ------ 
NONE                      No environment variables were set
--------------------------------------------------------------------------------

INFO:Timing:2698 - No timing constraints found, doing default enumeration.
INFO:Timing:3412 - To improve timing, see the Timing Closure User Guide (UG612).
INFO:Timing:2752 - To get complete path coverage, use the unconstrained paths 
   option. All paths that are not constrained will be reported in the 
   unconstrained paths section(s) of the report.
INFO:Timing:3339 - The clock-to-out numbers in this timing report are based on 
   a 50 Ohm transmission line loading model.  For the details of this model, 
   and for more information on accounting for different loading conditions, 
   please see the device datasheet.
INFO:Timing:3390 - This architecture does not support a default System Jitter 
   value, please add SYSTEM_JITTER constraint to the UCF to modify the Clock 
   Uncertainty calculation.
INFO:Timing:3389 - This architecture does not support 'Discrete Jitter' and 
   'Phase Error' calculations, these terms will be zero in the Clock 
   Uncertainty calculation.  Please make appropriate modification to 
   SYSTEM_JITTER to account for the unsupported Discrete Jitter and Phase 
   Error.



Data Sheet report:
-----------------
All values displayed in nanoseconds (ns)

Clock clk to Pad
------------+------------+------------------+--------+
            | clk (edge) |                  | Clock  |
Destination |   to PAD   |Internal Clock(s) | Phase  |
------------+------------+------------------+--------+
STEP        |    8.399(R)|clk_BUFGP         |   0.000|
------------+------------+------------------+--------+

Clock to Setup on destination clock clk
---------------+---------+---------+---------+---------+
               | Src:Rise| Src:Fall| Src:Rise| Src:Fall|
Source Clock   |Dest:Rise|Dest:Rise|Dest:Fall|Dest:Fall|
---------------+---------+---------+---------+---------+
clk            |    3.334|         |         |         |
---------------+---------+---------+---------+---------+

Pad to Pad
-----------------+--------------------+---------+
Source Pad       |Destination Pad     |  Delay  |
-----------------+--------------------+---------+
direcc           |dirPin              |    4.231|
direcc           |ledDirecc           |    4.453|
secuenciaPasos<0>|ledsMicroStepping<0>|    5.766|
secuenciaPasos<0>|ledsMicroStepping<1>|    6.200|
secuenciaPasos<0>|ledsMicroStepping<2>|    5.863|
secuenciaPasos<0>|microStepping<0>    |    5.766|
secuenciaPasos<0>|microStepping<1>    |    5.987|
secuenciaPasos<0>|microStepping<2>    |    5.863|
secuenciaPasos<1>|ledsMicroStepping<0>|    5.684|
secuenciaPasos<1>|ledsMicroStepping<1>|    6.166|
secuenciaPasos<1>|ledsMicroStepping<2>|    5.783|
secuenciaPasos<1>|microStepping<0>    |    5.684|
secuenciaPasos<1>|microStepping<1>    |    5.953|
secuenciaPasos<1>|microStepping<2>    |    5.783|
secuenciaPasos<2>|ledsMicroStepping<0>|    5.423|
secuenciaPasos<2>|ledsMicroStepping<1>|    6.038|
secuenciaPasos<2>|ledsMicroStepping<2>|    5.752|
secuenciaPasos<2>|microStepping<0>    |    5.423|
secuenciaPasos<2>|microStepping<1>    |    5.825|
secuenciaPasos<2>|microStepping<2>    |    5.752|
-----------------+--------------------+---------+


Analysis completed Mon Jul 10 10:15:31 2023 
--------------------------------------------------------------------------------

Trace Settings:
-------------------------
Trace Settings 

Peak Memory Usage: 347 MB



