Release 14.7 - xst P.20131013 (lin64)
Copyright (c) 1995-2013 Xilinx, Inc.  All rights reserved.
--> 
Parameter TMPDIR set to xst/projnav.tmp


Total REAL time to Xst completion: 0.00 secs
Total CPU time to Xst completion: 0.00 secs
 
--> 
Parameter xsthdpdir set to xst


Total REAL time to Xst completion: 0.00 secs
Total CPU time to Xst completion: 0.00 secs
 
--> 
Reading design: MotorAPasosUnipolarPasoDobleTLD.prj

TABLE OF CONTENTS
  1) Synthesis Options Summary
  2) HDL Compilation
  3) Design Hierarchy Analysis
  4) HDL Analysis
  5) HDL Synthesis
     5.1) HDL Synthesis Report
  6) Advanced HDL Synthesis
     6.1) Advanced HDL Synthesis Report
  7) Low Level Synthesis
  8) Partition Report
  9) Final Report
	9.1) Device utilization summary
	9.2) Partition Resource Summary
	9.3) TIMING REPORT


=========================================================================
*                      Synthesis Options Summary                        *
=========================================================================
---- Source Parameters
Input File Name                    : "MotorAPasosUnipolarPasoDobleTLD.prj"
Input Format                       : mixed
Ignore Synthesis Constraint File   : NO

---- Target Parameters
Output File Name                   : "MotorAPasosUnipolarPasoDobleTLD"
Output Format                      : NGC
Target Device                      : xc3s500e-5-fg320

---- Source Options
Top Module Name                    : MotorAPasosUnipolarPasoDobleTLD
Automatic FSM Extraction           : YES
FSM Encoding Algorithm             : Auto
Safe Implementation                : No
FSM Style                          : LUT
RAM Extraction                     : Yes
RAM Style                          : Auto
ROM Extraction                     : Yes
Mux Style                          : Auto
Decoder Extraction                 : YES
Priority Encoder Extraction        : Yes
Shift Register Extraction          : YES
Logical Shifter Extraction         : YES
XOR Collapsing                     : YES
ROM Style                          : Auto
Mux Extraction                     : Yes
Resource Sharing                   : YES
Asynchronous To Synchronous        : NO
Multiplier Style                   : Auto
Automatic Register Balancing       : No

---- Target Options
Add IO Buffers                     : YES
Global Maximum Fanout              : 100000
Add Generic Clock Buffer(BUFG)     : 24
Register Duplication               : YES
Slice Packing                      : YES
Optimize Instantiated Primitives   : NO
Use Clock Enable                   : Yes
Use Synchronous Set                : Yes
Use Synchronous Reset              : Yes
Pack IO Registers into IOBs        : Auto
Equivalent register Removal        : YES

---- General Options
Optimization Goal                  : Speed
Optimization Effort                : 1
Keep Hierarchy                     : No
Netlist Hierarchy                  : As_Optimized
RTL Output                         : Yes
Global Optimization                : AllClockNets
Read Cores                         : YES
Write Timing Constraints           : NO
Cross Clock Analysis               : NO
Hierarchy Separator                : /
Bus Delimiter                      : <>
Case Specifier                     : Maintain
Slice Utilization Ratio            : 100
BRAM Utilization Ratio             : 100
Verilog 2001                       : YES
Auto BRAM Packing                  : NO
Slice Utilization Ratio Delta      : 5

=========================================================================


=========================================================================
*                          HDL Compilation                              *
=========================================================================
Compiling vhdl file "/home/ise/Aprendiendo/VHDL_Verilog/16.-motorAPasosUnipolarPasoDobleVHDL/divisorDeReloj.vhd" in Library work.
Entity <divisordereloj> compiled.
Entity <divisordereloj> (Architecture <frecuencianueva>) compiled.
Compiling vhdl file "/home/ise/Aprendiendo/VHDL_Verilog/16.-motorAPasosUnipolarPasoDobleVHDL/controlPasosMotor.vhd" in Library work.
Architecture behavioral of Entity controlpasosmotor is up to date.
Compiling vhdl file "/home/ise/Aprendiendo/VHDL_Verilog/16.-motorAPasosUnipolarPasoDobleVHDL/MotorAPasosUnipolarPasoDobleTLD.vhd" in Library work.
Architecture behavioral of Entity motorapasosunipolarpasodobletld is up to date.

=========================================================================
*                     Design Hierarchy Analysis                         *
=========================================================================
Analyzing hierarchy for entity <MotorAPasosUnipolarPasoDobleTLD> in library <work> (architecture <behavioral>).

Analyzing hierarchy for entity <divisorDeReloj> in library <work> (architecture <frecuenciaNueva>).

Analyzing hierarchy for entity <controlPasosMotor> in library <work> (architecture <Behavioral>).


=========================================================================
*                            HDL Analysis                               *
=========================================================================
Analyzing Entity <MotorAPasosUnipolarPasoDobleTLD> in library <work> (Architecture <behavioral>).
Entity <MotorAPasosUnipolarPasoDobleTLD> analyzed. Unit <MotorAPasosUnipolarPasoDobleTLD> generated.

Analyzing Entity <divisorDeReloj> in library <work> (Architecture <frecuenciaNueva>).
Entity <divisorDeReloj> analyzed. Unit <divisorDeReloj> generated.

Analyzing Entity <controlPasosMotor> in library <work> (Architecture <Behavioral>).
INFO:Xst:1561 - "/home/ise/Aprendiendo/VHDL_Verilog/16.-motorAPasosUnipolarPasoDobleVHDL/controlPasosMotor.vhd" line 56: Mux is complete : default of case is discarded
INFO:Xst:1561 - "/home/ise/Aprendiendo/VHDL_Verilog/16.-motorAPasosUnipolarPasoDobleVHDL/controlPasosMotor.vhd" line 67: Mux is complete : default of case is discarded
Entity <controlPasosMotor> analyzed. Unit <controlPasosMotor> generated.


=========================================================================
*                           HDL Synthesis                               *
=========================================================================

Performing bidirectional port resolution...

Synthesizing Unit <divisorDeReloj>.
    Related source file is "/home/ise/Aprendiendo/VHDL_Verilog/16.-motorAPasosUnipolarPasoDobleVHDL/divisorDeReloj.vhd".
    Found 25-bit up counter for signal <divisorDeReloj>.
    Summary:
	inferred   1 Counter(s).
Unit <divisorDeReloj> synthesized.


Synthesizing Unit <controlPasosMotor>.
    Related source file is "/home/ise/Aprendiendo/VHDL_Verilog/16.-motorAPasosUnipolarPasoDobleVHDL/controlPasosMotor.vhd".
    Found 1-bit register for signal <ledDireccion>.
    Found 4-bit register for signal <salidaMotor>.
    Found 2-bit up counter for signal <paso>.
    Summary:
	inferred   1 Counter(s).
	inferred   5 D-type flip-flop(s).
Unit <controlPasosMotor> synthesized.


Synthesizing Unit <MotorAPasosUnipolarPasoDobleTLD>.
    Related source file is "/home/ise/Aprendiendo/VHDL_Verilog/16.-motorAPasosUnipolarPasoDobleVHDL/MotorAPasosUnipolarPasoDobleTLD.vhd".
Unit <MotorAPasosUnipolarPasoDobleTLD> synthesized.


=========================================================================
HDL Synthesis Report

Macro Statistics
# Counters                                             : 2
 2-bit up counter                                      : 1
 25-bit up counter                                     : 1
# Registers                                            : 2
 1-bit register                                        : 1
 4-bit register                                        : 1

=========================================================================

=========================================================================
*                       Advanced HDL Synthesis                          *
=========================================================================


=========================================================================
Advanced HDL Synthesis Report

Macro Statistics
# Counters                                             : 2
 2-bit up counter                                      : 1
 25-bit up counter                                     : 1
# Registers                                            : 5
 Flip-Flops                                            : 5

=========================================================================

=========================================================================
*                         Low Level Synthesis                           *
=========================================================================
WARNING:Xst:2677 - Node <Divisor_frec/divisorDeReloj_17> of sequential type is unconnected in block <MotorAPasosUnipolarPasoDobleTLD>.
WARNING:Xst:2677 - Node <Divisor_frec/divisorDeReloj_18> of sequential type is unconnected in block <MotorAPasosUnipolarPasoDobleTLD>.
WARNING:Xst:2677 - Node <Divisor_frec/divisorDeReloj_19> of sequential type is unconnected in block <MotorAPasosUnipolarPasoDobleTLD>.
WARNING:Xst:2677 - Node <Divisor_frec/divisorDeReloj_20> of sequential type is unconnected in block <MotorAPasosUnipolarPasoDobleTLD>.
WARNING:Xst:2677 - Node <Divisor_frec/divisorDeReloj_21> of sequential type is unconnected in block <MotorAPasosUnipolarPasoDobleTLD>.
WARNING:Xst:2677 - Node <Divisor_frec/divisorDeReloj_22> of sequential type is unconnected in block <MotorAPasosUnipolarPasoDobleTLD>.
WARNING:Xst:2677 - Node <Divisor_frec/divisorDeReloj_23> of sequential type is unconnected in block <MotorAPasosUnipolarPasoDobleTLD>.
WARNING:Xst:2677 - Node <Divisor_frec/divisorDeReloj_24> of sequential type is unconnected in block <MotorAPasosUnipolarPasoDobleTLD>.

Optimizing unit <MotorAPasosUnipolarPasoDobleTLD> ...

Optimizing unit <controlPasosMotor> ...

Mapping all equations...
Building and optimizing final netlist ...
Found area constraint ratio of 100 (+ 5) on block MotorAPasosUnipolarPasoDobleTLD, actual ratio is 0.

Final Macro Processing ...

=========================================================================
Final Register Report

Macro Statistics
# Registers                                            : 24
 Flip-Flops                                            : 24

=========================================================================

=========================================================================
*                           Partition Report                            *
=========================================================================

Partition Implementation Status
-------------------------------

  No Partitions were found in this design.

-------------------------------

=========================================================================
*                            Final Report                               *
=========================================================================
Final Results
RTL Top Level Output File Name     : MotorAPasosUnipolarPasoDobleTLD.ngr
Top Level Output File Name         : MotorAPasosUnipolarPasoDobleTLD
Output Format                      : NGC
Optimization Goal                  : Speed
Keep Hierarchy                     : No

Design Statistics
# IOs                              : 8

Cell Usage :
# BELS                             : 56
#      GND                         : 1
#      INV                         : 2
#      LUT1                        : 16
#      LUT2                        : 1
#      LUT3                        : 2
#      MUXCY                       : 16
#      VCC                         : 1
#      XORCY                       : 17
# FlipFlops/Latches                : 24
#      FD                          : 3
#      FDC                         : 17
#      FDR                         : 4
# Clock Buffers                    : 1
#      BUFGP                       : 1
# IO Buffers                       : 7
#      IBUF                        : 2
#      OBUF                        : 5
=========================================================================

Device utilization summary:
---------------------------

Selected Device : 3s500efg320-5 

 Number of Slices:                       13  out of   4656     0%  
 Number of Slice Flip Flops:             23  out of   9312     0%  
 Number of 4 input LUTs:                 21  out of   9312     0%  
 Number of IOs:                           8
 Number of bonded IOBs:                   8  out of    232     3%  
    IOB Flip Flops:                       1
 Number of GCLKs:                         1  out of     24     4%  

---------------------------
Partition Resource Summary:
---------------------------

  No Partitions were found in this design.

---------------------------


=========================================================================
TIMING REPORT

NOTE: THESE TIMING NUMBERS ARE ONLY A SYNTHESIS ESTIMATE.
      FOR ACCURATE TIMING INFORMATION PLEASE REFER TO THE TRACE REPORT
      GENERATED AFTER PLACE-and-ROUTE.

Clock Information:
------------------
-----------------------------------+------------------------+-------+
Clock Signal                       | Clock buffer(FF name)  | Load  |
-----------------------------------+------------------------+-------+
clk                                | BUFGP                  | 17    |
Divisor_frec/divisorDeReloj_16     | NONE(LED/paso_1)       | 7     |
-----------------------------------+------------------------+-------+
INFO:Xst:2169 - HDL ADVISOR - Some clock signals were not automatically buffered by XST with BUFG/BUFR resources. Please use the buffer_type constraint in order to insert these buffers to the clock signals to help prevent skew problems.

Asynchronous Control Signals Information:
----------------------------------------
-----------------------------------+------------------------+-------+
Control Signal                     | Buffer(FF name)        | Load  |
-----------------------------------+------------------------+-------+
rst                                | IBUF                   | 17    |
-----------------------------------+------------------------+-------+

Timing Summary:
---------------
Speed Grade: -5

   Minimum period: 3.727ns (Maximum Frequency: 268.312MHz)
   Minimum input arrival time before clock: 3.374ns
   Maximum output required time after clock: 4.040ns
   Maximum combinational path delay: No path found

Timing Detail:
--------------
All values displayed in nanoseconds (ns)

=========================================================================
Timing constraint: Default period analysis for Clock 'clk'
  Clock period: 3.727ns (frequency: 268.312MHz)
  Total number of paths / destination ports: 153 / 17
-------------------------------------------------------------------------
Delay:               3.727ns (Levels of Logic = 17)
  Source:            Divisor_frec/divisorDeReloj_1 (FF)
  Destination:       Divisor_frec/divisorDeReloj_16 (FF)
  Source Clock:      clk rising
  Destination Clock: clk rising

  Data Path: Divisor_frec/divisorDeReloj_1 to Divisor_frec/divisorDeReloj_16
                                Gate     Net
    Cell:in->out      fanout   Delay   Delay  Logical Name (Net Name)
    ----------------------------------------  ------------
     FDC:C->Q              1   0.514   0.509  Divisor_frec/divisorDeReloj_1 (Divisor_frec/divisorDeReloj_1)
     LUT1:I0->O            1   0.612   0.000  Divisor_frec/Mcount_divisorDeReloj_cy<1>_rt (Divisor_frec/Mcount_divisorDeReloj_cy<1>_rt)
     MUXCY:S->O            1   0.404   0.000  Divisor_frec/Mcount_divisorDeReloj_cy<1> (Divisor_frec/Mcount_divisorDeReloj_cy<1>)
     MUXCY:CI->O           1   0.051   0.000  Divisor_frec/Mcount_divisorDeReloj_cy<2> (Divisor_frec/Mcount_divisorDeReloj_cy<2>)
     MUXCY:CI->O           1   0.051   0.000  Divisor_frec/Mcount_divisorDeReloj_cy<3> (Divisor_frec/Mcount_divisorDeReloj_cy<3>)
     MUXCY:CI->O           1   0.051   0.000  Divisor_frec/Mcount_divisorDeReloj_cy<4> (Divisor_frec/Mcount_divisorDeReloj_cy<4>)
     MUXCY:CI->O           1   0.051   0.000  Divisor_frec/Mcount_divisorDeReloj_cy<5> (Divisor_frec/Mcount_divisorDeReloj_cy<5>)
     MUXCY:CI->O           1   0.051   0.000  Divisor_frec/Mcount_divisorDeReloj_cy<6> (Divisor_frec/Mcount_divisorDeReloj_cy<6>)
     MUXCY:CI->O           1   0.051   0.000  Divisor_frec/Mcount_divisorDeReloj_cy<7> (Divisor_frec/Mcount_divisorDeReloj_cy<7>)
     MUXCY:CI->O           1   0.051   0.000  Divisor_frec/Mcount_divisorDeReloj_cy<8> (Divisor_frec/Mcount_divisorDeReloj_cy<8>)
     MUXCY:CI->O           1   0.051   0.000  Divisor_frec/Mcount_divisorDeReloj_cy<9> (Divisor_frec/Mcount_divisorDeReloj_cy<9>)
     MUXCY:CI->O           1   0.051   0.000  Divisor_frec/Mcount_divisorDeReloj_cy<10> (Divisor_frec/Mcount_divisorDeReloj_cy<10>)
     MUXCY:CI->O           1   0.051   0.000  Divisor_frec/Mcount_divisorDeReloj_cy<11> (Divisor_frec/Mcount_divisorDeReloj_cy<11>)
     MUXCY:CI->O           1   0.051   0.000  Divisor_frec/Mcount_divisorDeReloj_cy<12> (Divisor_frec/Mcount_divisorDeReloj_cy<12>)
     MUXCY:CI->O           1   0.051   0.000  Divisor_frec/Mcount_divisorDeReloj_cy<13> (Divisor_frec/Mcount_divisorDeReloj_cy<13>)
     MUXCY:CI->O           1   0.051   0.000  Divisor_frec/Mcount_divisorDeReloj_cy<14> (Divisor_frec/Mcount_divisorDeReloj_cy<14>)
     MUXCY:CI->O           0   0.051   0.000  Divisor_frec/Mcount_divisorDeReloj_cy<15> (Divisor_frec/Mcount_divisorDeReloj_cy<15>)
     XORCY:CI->O           1   0.699   0.000  Divisor_frec/Mcount_divisorDeReloj_xor<16> (Result<16>)
     FDC:D                     0.268          Divisor_frec/divisorDeReloj_16
    ----------------------------------------
    Total                      3.727ns (3.218ns logic, 0.509ns route)
                                       (86.3% logic, 13.7% route)

=========================================================================
Timing constraint: Default period analysis for Clock 'Divisor_frec/divisorDeReloj_16'
  Clock period: 2.952ns (frequency: 338.765MHz)
  Total number of paths / destination ports: 11 / 6
-------------------------------------------------------------------------
Delay:               2.952ns (Levels of Logic = 1)
  Source:            LED/paso_0 (FF)
  Destination:       LED/salidaMotor_1 (FF)
  Source Clock:      Divisor_frec/divisorDeReloj_16 rising
  Destination Clock: Divisor_frec/divisorDeReloj_16 rising

  Data Path: LED/paso_0 to LED/salidaMotor_1
                                Gate     Net
    Cell:in->out      fanout   Delay   Delay  Logical Name (Net Name)
    ----------------------------------------  ------------
     FDR:C->Q              4   0.514   0.651  LED/paso_0 (LED/paso_0)
     LUT3:I0->O            2   0.612   0.380  LED/salidaMotor_mux0003<1>1 (LED/salidaMotor_mux0003<1>)
     FDR:R                     0.795          LED/salidaMotor_0
    ----------------------------------------
    Total                      2.952ns (1.921ns logic, 1.031ns route)
                                       (65.1% logic, 34.9% route)

=========================================================================
Timing constraint: Default OFFSET IN BEFORE for Clock 'Divisor_frec/divisorDeReloj_16'
  Total number of paths / destination ports: 5 / 5
-------------------------------------------------------------------------
Offset:              3.374ns (Levels of Logic = 2)
  Source:            direcc (PAD)
  Destination:       LED/salidaMotor_1 (FF)
  Destination Clock: Divisor_frec/divisorDeReloj_16 rising

  Data Path: direcc to LED/salidaMotor_1
                                Gate     Net
    Cell:in->out      fanout   Delay   Delay  Logical Name (Net Name)
    ----------------------------------------  ------------
     IBUF:I->O             3   1.106   0.481  direcc_IBUF (direcc_IBUF)
     LUT3:I2->O            2   0.612   0.380  LED/salidaMotor_mux0003<1>1 (LED/salidaMotor_mux0003<1>)
     FDR:R                     0.795          LED/salidaMotor_0
    ----------------------------------------
    Total                      3.374ns (2.513ns logic, 0.861ns route)
                                       (74.5% logic, 25.5% route)

=========================================================================
Timing constraint: Default OFFSET OUT AFTER for Clock 'Divisor_frec/divisorDeReloj_16'
  Total number of paths / destination ports: 5 / 5
-------------------------------------------------------------------------
Offset:              4.040ns (Levels of Logic = 1)
  Source:            LED/ledDireccion (FF)
  Destination:       ledDirecc (PAD)
  Source Clock:      Divisor_frec/divisorDeReloj_16 rising

  Data Path: LED/ledDireccion to ledDirecc
                                Gate     Net
    Cell:in->out      fanout   Delay   Delay  Logical Name (Net Name)
    ----------------------------------------  ------------
     FDR:C->Q              1   0.514   0.357  LED/ledDireccion (LED/ledDireccion)
     OBUF:I->O                 3.169          ledDirecc_OBUF (ledDirecc)
    ----------------------------------------
    Total                      4.040ns (3.683ns logic, 0.357ns route)
                                       (91.2% logic, 8.8% route)

=========================================================================


Total REAL time to Xst completion: 4.00 secs
Total CPU time to Xst completion: 0.85 secs
 
--> 


Total memory usage is 607964 kilobytes

Number of errors   :    0 (   0 filtered)
Number of warnings :    8 (   0 filtered)
Number of infos    :    3 (   0 filtered)

