Release 14.7 - xst P.20131013 (lin64)
Copyright (c) 1995-2013 Xilinx, Inc.  All rights reserved.
--> 
Parameter TMPDIR set to xst/projnav.tmp


Total REAL time to Xst completion: 0.00 secs
Total CPU time to Xst completion: 0.01 secs
 
--> 
Parameter xsthdpdir set to xst


Total REAL time to Xst completion: 0.00 secs
Total CPU time to Xst completion: 0.01 secs
 
--> 
Reading design: displayLetreroIPN.prj

TABLE OF CONTENTS
  1) Synthesis Options Summary
  2) HDL Compilation
  3) Design Hierarchy Analysis
  4) HDL Analysis
  5) HDL Synthesis
     5.1) HDL Synthesis Report
  6) Advanced HDL Synthesis
     6.1) Advanced HDL Synthesis Report
  7) Low Level Synthesis
  8) Partition Report
  9) Final Report
	9.1) Device utilization summary
	9.2) Partition Resource Summary
	9.3) TIMING REPORT


=========================================================================
*                      Synthesis Options Summary                        *
=========================================================================
---- Source Parameters
Input File Name                    : "displayLetreroIPN.prj"
Input Format                       : mixed
Ignore Synthesis Constraint File   : NO

---- Target Parameters
Output File Name                   : "displayLetreroIPN"
Output Format                      : NGC
Target Device                      : xc3s500e-5-fg320

---- Source Options
Top Module Name                    : displayLetreroIPN
Automatic FSM Extraction           : YES
FSM Encoding Algorithm             : Auto
Safe Implementation                : No
FSM Style                          : LUT
RAM Extraction                     : Yes
RAM Style                          : Auto
ROM Extraction                     : Yes
Mux Style                          : Auto
Decoder Extraction                 : YES
Priority Encoder Extraction        : Yes
Shift Register Extraction          : YES
Logical Shifter Extraction         : YES
XOR Collapsing                     : YES
ROM Style                          : Auto
Mux Extraction                     : Yes
Resource Sharing                   : YES
Asynchronous To Synchronous        : NO
Multiplier Style                   : Auto
Automatic Register Balancing       : No

---- Target Options
Add IO Buffers                     : YES
Global Maximum Fanout              : 100000
Add Generic Clock Buffer(BUFG)     : 24
Register Duplication               : YES
Slice Packing                      : YES
Optimize Instantiated Primitives   : NO
Use Clock Enable                   : Yes
Use Synchronous Set                : Yes
Use Synchronous Reset              : Yes
Pack IO Registers into IOBs        : Auto
Equivalent register Removal        : YES

---- General Options
Optimization Goal                  : Speed
Optimization Effort                : 1
Keep Hierarchy                     : No
Netlist Hierarchy                  : As_Optimized
RTL Output                         : Yes
Global Optimization                : AllClockNets
Read Cores                         : YES
Write Timing Constraints           : NO
Cross Clock Analysis               : NO
Hierarchy Separator                : /
Bus Delimiter                      : <>
Case Specifier                     : Maintain
Slice Utilization Ratio            : 100
BRAM Utilization Ratio             : 100
Verilog 2001                       : YES
Auto BRAM Packing                  : NO
Slice Utilization Ratio Delta      : 5

=========================================================================


=========================================================================
*                          HDL Compilation                              *
=========================================================================
Compiling vhdl file "/home/ise/Aprendiendo/DLPs/practica2Punto4/divisorDeReloj.vhd" in Library work.
Architecture frecuencianueva of Entity divisordereloj is up to date.
Compiling vhdl file "/home/ise/Aprendiendo/DLPs/practica2Punto4/contadorSelector.vhd" in Library work.
Entity <contadorselector> compiled.
Entity <contadorselector> (Architecture <contador2bits>) compiled.
Compiling vhdl file "/home/ise/Aprendiendo/DLPs/practica2Punto4/decodificadorBinHex.vhd" in Library work.
Entity <decodificadoripn> compiled.
Entity <decodificadoripn> (Architecture <behavioral>) compiled.
Compiling vhdl file "/home/ise/Aprendiendo/DLPs/practica2Punto4/displayLetreroIPN.vhd" in Library work.
Entity <displayletreroipn> compiled.
Entity <displayletreroipn> (Architecture <encenderdisplaystld>) compiled.

=========================================================================
*                     Design Hierarchy Analysis                         *
=========================================================================
Analyzing hierarchy for entity <displayLetreroIPN> in library <work> (architecture <encenderdisplaystld>).

Analyzing hierarchy for entity <divisorDeReloj> in library <work> (architecture <frecuenciaNueva>).

Analyzing hierarchy for entity <contadorSelector> in library <work> (architecture <contador2Bits>).

Analyzing hierarchy for entity <decodificadorIPN> in library <work> (architecture <Behavioral>).


=========================================================================
*                            HDL Analysis                               *
=========================================================================
Analyzing Entity <displayLetreroIPN> in library <work> (Architecture <encenderdisplaystld>).
Entity <displayLetreroIPN> analyzed. Unit <displayLetreroIPN> generated.

Analyzing Entity <divisorDeReloj> in library <work> (Architecture <frecuenciaNueva>).
Entity <divisorDeReloj> analyzed. Unit <divisorDeReloj> generated.

Analyzing Entity <contadorSelector> in library <work> (Architecture <contador2Bits>).
Entity <contadorSelector> analyzed. Unit <contadorSelector> generated.

Analyzing Entity <decodificadorIPN> in library <work> (Architecture <Behavioral>).
Entity <decodificadorIPN> analyzed. Unit <decodificadorIPN> generated.


=========================================================================
*                           HDL Synthesis                               *
=========================================================================

Performing bidirectional port resolution...

Synthesizing Unit <divisorDeReloj>.
    Related source file is "/home/ise/Aprendiendo/DLPs/practica2Punto4/divisorDeReloj.vhd".
    Found 24-bit up counter for signal <divisorDeReloj>.
    Summary:
	inferred   1 Counter(s).
Unit <divisorDeReloj> synthesized.


Synthesizing Unit <contadorSelector>.
    Related source file is "/home/ise/Aprendiendo/DLPs/practica2Punto4/contadorSelector.vhd".
    Found 2-bit up counter for signal <conteoAscendente>.
    Summary:
	inferred   1 Counter(s).
Unit <contadorSelector> synthesized.


Synthesizing Unit <decodificadorIPN>.
    Related source file is "/home/ise/Aprendiendo/DLPs/practica2Punto4/decodificadorBinHex.vhd".
WARNING:Xst:653 - Signal <anodoEncendido> is used but never assigned. This sourceless signal will be automatically connected to value 1111.
    Found 4x8-bit ROM for signal <ledsAhastaDP>.
    Summary:
	inferred   1 ROM(s).
Unit <decodificadorIPN> synthesized.


Synthesizing Unit <displayLetreroIPN>.
    Related source file is "/home/ise/Aprendiendo/DLPs/practica2Punto4/displayLetreroIPN.vhd".
Unit <displayLetreroIPN> synthesized.


=========================================================================
HDL Synthesis Report

Macro Statistics
# ROMs                                                 : 1
 4x8-bit ROM                                           : 1
# Counters                                             : 2
 2-bit up counter                                      : 1
 24-bit up counter                                     : 1

=========================================================================

=========================================================================
*                       Advanced HDL Synthesis                          *
=========================================================================


=========================================================================
Advanced HDL Synthesis Report

Macro Statistics
# ROMs                                                 : 1
 4x8-bit ROM                                           : 1
# Counters                                             : 2
 2-bit up counter                                      : 1
 24-bit up counter                                     : 1

=========================================================================

=========================================================================
*                         Low Level Synthesis                           *
=========================================================================

Optimizing unit <displayLetreroIPN> ...

Mapping all equations...
Building and optimizing final netlist ...
Found area constraint ratio of 100 (+ 5) on block displayLetreroIPN, actual ratio is 0.

Final Macro Processing ...

=========================================================================
Final Register Report

Macro Statistics
# Registers                                            : 26
 Flip-Flops                                            : 26

=========================================================================

=========================================================================
*                           Partition Report                            *
=========================================================================

Partition Implementation Status
-------------------------------

  No Partitions were found in this design.

-------------------------------

=========================================================================
*                            Final Report                               *
=========================================================================
Final Results
RTL Top Level Output File Name     : displayLetreroIPN.ngr
Top Level Output File Name         : displayLetreroIPN
Output Format                      : NGC
Optimization Goal                  : Speed
Keep Hierarchy                     : No

Design Statistics
# IOs                              : 14

Cell Usage :
# BELS                             : 80
#      GND                         : 1
#      INV                         : 1
#      LUT1                        : 23
#      LUT2                        : 7
#      MUXCY                       : 23
#      VCC                         : 1
#      XORCY                       : 24
# FlipFlops/Latches                : 26
#      FD                          : 1
#      FDC                         : 24
#      FDR                         : 1
# Clock Buffers                    : 1
#      BUFGP                       : 1
# IO Buffers                       : 13
#      IBUF                        : 1
#      OBUF                        : 12
=========================================================================

Device utilization summary:
---------------------------

Selected Device : 3s500efg320-5 

 Number of Slices:                       16  out of   4656     0%  
 Number of Slice Flip Flops:             26  out of   9312     0%  
 Number of 4 input LUTs:                 31  out of   9312     0%  
 Number of IOs:                          14
 Number of bonded IOBs:                  14  out of    232     6%  
 Number of GCLKs:                         1  out of     24     4%  

---------------------------
Partition Resource Summary:
---------------------------

  No Partitions were found in this design.

---------------------------


=========================================================================
TIMING REPORT

NOTE: THESE TIMING NUMBERS ARE ONLY A SYNTHESIS ESTIMATE.
      FOR ACCURATE TIMING INFORMATION PLEASE REFER TO THE TRACE REPORT
      GENERATED AFTER PLACE-and-ROUTE.

Clock Information:
------------------
-----------------------------------+-----------------------------------------+-------+
Clock Signal                       | Clock buffer(FF name)                   | Load  |
-----------------------------------+-----------------------------------------+-------+
clkNexys2                          | BUFGP                                   | 24    |
frecuenciaReloj/divisorDeReloj_23  | NONE(selectorDisplay/conteoAscendente_1)| 2     |
-----------------------------------+-----------------------------------------+-------+
INFO:Xst:2169 - HDL ADVISOR - Some clock signals were not automatically buffered by XST with BUFG/BUFR resources. Please use the buffer_type constraint in order to insert these buffers to the clock signals to help prevent skew problems.

Asynchronous Control Signals Information:
----------------------------------------
-----------------------------------+------------------------+-------+
Control Signal                     | Buffer(FF name)        | Load  |
-----------------------------------+------------------------+-------+
Reset                              | IBUF                   | 24    |
-----------------------------------+------------------------+-------+

Timing Summary:
---------------
Speed Grade: -5

   Minimum period: 4.088ns (Maximum Frequency: 244.648MHz)
   Minimum input arrival time before clock: No path found
   Maximum output required time after clock: 5.524ns
   Maximum combinational path delay: No path found

Timing Detail:
--------------
All values displayed in nanoseconds (ns)

=========================================================================
Timing constraint: Default period analysis for Clock 'clkNexys2'
  Clock period: 4.088ns (frequency: 244.648MHz)
  Total number of paths / destination ports: 300 / 24
-------------------------------------------------------------------------
Delay:               4.088ns (Levels of Logic = 24)
  Source:            frecuenciaReloj/divisorDeReloj_1 (FF)
  Destination:       frecuenciaReloj/divisorDeReloj_23 (FF)
  Source Clock:      clkNexys2 rising
  Destination Clock: clkNexys2 rising

  Data Path: frecuenciaReloj/divisorDeReloj_1 to frecuenciaReloj/divisorDeReloj_23
                                Gate     Net
    Cell:in->out      fanout   Delay   Delay  Logical Name (Net Name)
    ----------------------------------------  ------------
     FDC:C->Q              1   0.514   0.509  frecuenciaReloj/divisorDeReloj_1 (frecuenciaReloj/divisorDeReloj_1)
     LUT1:I0->O            1   0.612   0.000  frecuenciaReloj/Mcount_divisorDeReloj_cy<1>_rt (frecuenciaReloj/Mcount_divisorDeReloj_cy<1>_rt)
     MUXCY:S->O            1   0.404   0.000  frecuenciaReloj/Mcount_divisorDeReloj_cy<1> (frecuenciaReloj/Mcount_divisorDeReloj_cy<1>)
     MUXCY:CI->O           1   0.052   0.000  frecuenciaReloj/Mcount_divisorDeReloj_cy<2> (frecuenciaReloj/Mcount_divisorDeReloj_cy<2>)
     MUXCY:CI->O           1   0.051   0.000  frecuenciaReloj/Mcount_divisorDeReloj_cy<3> (frecuenciaReloj/Mcount_divisorDeReloj_cy<3>)
     MUXCY:CI->O           1   0.051   0.000  frecuenciaReloj/Mcount_divisorDeReloj_cy<4> (frecuenciaReloj/Mcount_divisorDeReloj_cy<4>)
     MUXCY:CI->O           1   0.051   0.000  frecuenciaReloj/Mcount_divisorDeReloj_cy<5> (frecuenciaReloj/Mcount_divisorDeReloj_cy<5>)
     MUXCY:CI->O           1   0.051   0.000  frecuenciaReloj/Mcount_divisorDeReloj_cy<6> (frecuenciaReloj/Mcount_divisorDeReloj_cy<6>)
     MUXCY:CI->O           1   0.051   0.000  frecuenciaReloj/Mcount_divisorDeReloj_cy<7> (frecuenciaReloj/Mcount_divisorDeReloj_cy<7>)
     MUXCY:CI->O           1   0.051   0.000  frecuenciaReloj/Mcount_divisorDeReloj_cy<8> (frecuenciaReloj/Mcount_divisorDeReloj_cy<8>)
     MUXCY:CI->O           1   0.051   0.000  frecuenciaReloj/Mcount_divisorDeReloj_cy<9> (frecuenciaReloj/Mcount_divisorDeReloj_cy<9>)
     MUXCY:CI->O           1   0.051   0.000  frecuenciaReloj/Mcount_divisorDeReloj_cy<10> (frecuenciaReloj/Mcount_divisorDeReloj_cy<10>)
     MUXCY:CI->O           1   0.051   0.000  frecuenciaReloj/Mcount_divisorDeReloj_cy<11> (frecuenciaReloj/Mcount_divisorDeReloj_cy<11>)
     MUXCY:CI->O           1   0.051   0.000  frecuenciaReloj/Mcount_divisorDeReloj_cy<12> (frecuenciaReloj/Mcount_divisorDeReloj_cy<12>)
     MUXCY:CI->O           1   0.051   0.000  frecuenciaReloj/Mcount_divisorDeReloj_cy<13> (frecuenciaReloj/Mcount_divisorDeReloj_cy<13>)
     MUXCY:CI->O           1   0.051   0.000  frecuenciaReloj/Mcount_divisorDeReloj_cy<14> (frecuenciaReloj/Mcount_divisorDeReloj_cy<14>)
     MUXCY:CI->O           1   0.051   0.000  frecuenciaReloj/Mcount_divisorDeReloj_cy<15> (frecuenciaReloj/Mcount_divisorDeReloj_cy<15>)
     MUXCY:CI->O           1   0.051   0.000  frecuenciaReloj/Mcount_divisorDeReloj_cy<16> (frecuenciaReloj/Mcount_divisorDeReloj_cy<16>)
     MUXCY:CI->O           1   0.051   0.000  frecuenciaReloj/Mcount_divisorDeReloj_cy<17> (frecuenciaReloj/Mcount_divisorDeReloj_cy<17>)
     MUXCY:CI->O           1   0.051   0.000  frecuenciaReloj/Mcount_divisorDeReloj_cy<18> (frecuenciaReloj/Mcount_divisorDeReloj_cy<18>)
     MUXCY:CI->O           1   0.051   0.000  frecuenciaReloj/Mcount_divisorDeReloj_cy<19> (frecuenciaReloj/Mcount_divisorDeReloj_cy<19>)
     MUXCY:CI->O           1   0.051   0.000  frecuenciaReloj/Mcount_divisorDeReloj_cy<20> (frecuenciaReloj/Mcount_divisorDeReloj_cy<20>)
     MUXCY:CI->O           1   0.051   0.000  frecuenciaReloj/Mcount_divisorDeReloj_cy<21> (frecuenciaReloj/Mcount_divisorDeReloj_cy<21>)
     MUXCY:CI->O           0   0.051   0.000  frecuenciaReloj/Mcount_divisorDeReloj_cy<22> (frecuenciaReloj/Mcount_divisorDeReloj_cy<22>)
     XORCY:CI->O           1   0.699   0.000  frecuenciaReloj/Mcount_divisorDeReloj_xor<23> (Result<23>)
     FDC:D                     0.268          frecuenciaReloj/divisorDeReloj_23
    ----------------------------------------
    Total                      4.088ns (3.579ns logic, 0.509ns route)
                                       (87.5% logic, 12.5% route)

=========================================================================
Timing constraint: Default period analysis for Clock 'frecuenciaReloj/divisorDeReloj_23'
  Clock period: 2.160ns (frequency: 462.963MHz)
  Total number of paths / destination ports: 3 / 2
-------------------------------------------------------------------------
Delay:               2.160ns (Levels of Logic = 1)
  Source:            selectorDisplay/conteoAscendente_0 (FF)
  Destination:       selectorDisplay/conteoAscendente_1 (FF)
  Source Clock:      frecuenciaReloj/divisorDeReloj_23 rising
  Destination Clock: frecuenciaReloj/divisorDeReloj_23 rising

  Data Path: selectorDisplay/conteoAscendente_0 to selectorDisplay/conteoAscendente_1
                                Gate     Net
    Cell:in->out      fanout   Delay   Delay  Logical Name (Net Name)
    ----------------------------------------  ------------
     FDR:C->Q              9   0.514   0.766  selectorDisplay/conteoAscendente_0 (selectorDisplay/conteoAscendente_0)
     LUT2:I1->O            1   0.612   0.000  selectorDisplay/Mcount_conteoAscendente_xor<1>11 (Result<1>1)
     FD:D                      0.268          selectorDisplay/conteoAscendente_1
    ----------------------------------------
    Total                      2.160ns (1.394ns logic, 0.766ns route)
                                       (64.5% logic, 35.5% route)

=========================================================================
Timing constraint: Default OFFSET OUT AFTER for Clock 'frecuenciaReloj/divisorDeReloj_23'
  Total number of paths / destination ports: 21 / 11
-------------------------------------------------------------------------
Offset:              5.524ns (Levels of Logic = 2)
  Source:            selectorDisplay/conteoAscendente_0 (FF)
  Destination:       anodoComun<3> (PAD)
  Source Clock:      frecuenciaReloj/divisorDeReloj_23 rising

  Data Path: selectorDisplay/conteoAscendente_0 to anodoComun<3>
                                Gate     Net
    Cell:in->out      fanout   Delay   Delay  Logical Name (Net Name)
    ----------------------------------------  ------------
     FDR:C->Q              9   0.514   0.849  selectorDisplay/conteoAscendente_0 (selectorDisplay/conteoAscendente_0)
     LUT2:I0->O            2   0.612   0.380  anodoComun<3>1 (anodoComun_3_OBUF)
     OBUF:I->O                 3.169          anodoComun_3_OBUF (anodoComun<3>)
    ----------------------------------------
    Total                      5.524ns (4.295ns logic, 1.229ns route)
                                       (77.8% logic, 22.2% route)

=========================================================================


Total REAL time to Xst completion: 4.00 secs
Total CPU time to Xst completion: 0.88 secs
 
--> 


Total memory usage is 608464 kilobytes

Number of errors   :    0 (   0 filtered)
Number of warnings :    1 (   0 filtered)
Number of infos    :    1 (   0 filtered)

