Release 14.7 - xst P.20131013 (lin64)
Copyright (c) 1995-2013 Xilinx, Inc.  All rights reserved.
--> 
Parameter TMPDIR set to xst/projnav.tmp


Total REAL time to Xst completion: 0.00 secs
Total CPU time to Xst completion: 0.01 secs
 
--> 
Parameter xsthdpdir set to xst


Total REAL time to Xst completion: 0.00 secs
Total CPU time to Xst completion: 0.01 secs
 
--> 
Reading design: giroEncoderRotativo.prj

TABLE OF CONTENTS
  1) Synthesis Options Summary
  2) HDL Compilation
  3) Design Hierarchy Analysis
  4) HDL Analysis
  5) HDL Synthesis
     5.1) HDL Synthesis Report
  6) Advanced HDL Synthesis
     6.1) Advanced HDL Synthesis Report
  7) Low Level Synthesis
  8) Partition Report
  9) Final Report
	9.1) Device utilization summary
	9.2) Partition Resource Summary
	9.3) TIMING REPORT


=========================================================================
*                      Synthesis Options Summary                        *
=========================================================================
---- Source Parameters
Input File Name                    : "giroEncoderRotativo.prj"
Input Format                       : mixed
Ignore Synthesis Constraint File   : NO

---- Target Parameters
Output File Name                   : "giroEncoderRotativo"
Output Format                      : NGC
Target Device                      : xc3s500e-5-fg320

---- Source Options
Top Module Name                    : giroEncoderRotativo
Automatic FSM Extraction           : YES
FSM Encoding Algorithm             : Auto
Safe Implementation                : No
FSM Style                          : LUT
RAM Extraction                     : Yes
RAM Style                          : Auto
ROM Extraction                     : Yes
Mux Style                          : Auto
Decoder Extraction                 : YES
Priority Encoder Extraction        : Yes
Shift Register Extraction          : YES
Logical Shifter Extraction         : YES
XOR Collapsing                     : YES
ROM Style                          : Auto
Mux Extraction                     : Yes
Resource Sharing                   : YES
Asynchronous To Synchronous        : NO
Multiplier Style                   : Auto
Automatic Register Balancing       : No

---- Target Options
Add IO Buffers                     : YES
Global Maximum Fanout              : 100000
Add Generic Clock Buffer(BUFG)     : 24
Register Duplication               : YES
Slice Packing                      : YES
Optimize Instantiated Primitives   : NO
Use Clock Enable                   : Yes
Use Synchronous Set                : Yes
Use Synchronous Reset              : Yes
Pack IO Registers into IOBs        : Auto
Equivalent register Removal        : YES

---- General Options
Optimization Goal                  : Speed
Optimization Effort                : 1
Keep Hierarchy                     : No
Netlist Hierarchy                  : As_Optimized
RTL Output                         : Yes
Global Optimization                : AllClockNets
Read Cores                         : YES
Write Timing Constraints           : NO
Cross Clock Analysis               : NO
Hierarchy Separator                : /
Bus Delimiter                      : <>
Case Specifier                     : Maintain
Slice Utilization Ratio            : 100
BRAM Utilization Ratio             : 100
Verilog 2001                       : YES
Auto BRAM Packing                  : NO
Slice Utilization Ratio Delta      : 5

=========================================================================


=========================================================================
*                          HDL Compilation                              *
=========================================================================
Compiling vhdl file "/home/ise/Aprendiendo/VHDL_Verilog/26.-FsmMoore_EncoderRotativoVHDL/giroEncoderRotativo.vhd" in Library work.
Entity <giroencoderrotativo> compiled.
Entity <giroencoderrotativo> (Architecture <secuenciadegiro>) compiled.

=========================================================================
*                     Design Hierarchy Analysis                         *
=========================================================================
Analyzing hierarchy for entity <giroEncoderRotativo> in library <work> (architecture <secuenciadegiro>).


=========================================================================
*                            HDL Analysis                               *
=========================================================================
Analyzing Entity <giroEncoderRotativo> in library <work> (Architecture <secuenciadegiro>).
Entity <giroEncoderRotativo> analyzed. Unit <giroEncoderRotativo> generated.


=========================================================================
*                           HDL Synthesis                               *
=========================================================================

Performing bidirectional port resolution...

Synthesizing Unit <giroEncoderRotativo>.
    Related source file is "/home/ise/Aprendiendo/VHDL_Verilog/26.-FsmMoore_EncoderRotativoVHDL/giroEncoderRotativo.vhd".
    Found finite state machine <FSM_0> for signal <estadoPresente>.
    -----------------------------------------------------------------------
    | States             | 6                                              |
    | Transitions        | 14                                             |
    | Inputs             | 4                                              |
    | Outputs            | 2                                              |
    | Clock              | clkdiv<15>                (rising_edge)        |
    | Power Up State     | ab_1_1                                         |
    | Encoding           | automatic                                      |
    | Implementation     | LUT                                            |
    -----------------------------------------------------------------------
    Found 26-bit up counter for signal <clkdiv>.
    Found 2-bit register for signal <delay_1>.
    Found 2-bit register for signal <delay_2>.
    Summary:
	inferred   1 Finite State Machine(s).
	inferred   1 Counter(s).
	inferred   4 D-type flip-flop(s).
Unit <giroEncoderRotativo> synthesized.


=========================================================================
HDL Synthesis Report

Macro Statistics
# Counters                                             : 1
 26-bit up counter                                     : 1
# Registers                                            : 2
 2-bit register                                        : 2

=========================================================================

=========================================================================
*                       Advanced HDL Synthesis                          *
=========================================================================

Analyzing FSM <FSM_0> for best encoding.
Optimizing FSM <estadoPresente/FSM> on signal <estadoPresente[1:3]> with gray encoding.
-----------------------
 State     | Encoding
-----------------------
 ab_1_1    | 000
 ab_0_1cw  | 001
 giroizq   | 110
 ab_1_0ccw | 011
 ab_0_0    | 010
 giroder   | 111
-----------------------

=========================================================================
Advanced HDL Synthesis Report

Macro Statistics
# FSMs                                                 : 1
# Counters                                             : 1
 26-bit up counter                                     : 1
# Registers                                            : 4
 Flip-Flops                                            : 4

=========================================================================

=========================================================================
*                         Low Level Synthesis                           *
=========================================================================
WARNING:Xst:2677 - Node <clkdiv_16> of sequential type is unconnected in block <giroEncoderRotativo>.
WARNING:Xst:2677 - Node <clkdiv_17> of sequential type is unconnected in block <giroEncoderRotativo>.
WARNING:Xst:2677 - Node <clkdiv_18> of sequential type is unconnected in block <giroEncoderRotativo>.
WARNING:Xst:2677 - Node <clkdiv_19> of sequential type is unconnected in block <giroEncoderRotativo>.
WARNING:Xst:2677 - Node <clkdiv_20> of sequential type is unconnected in block <giroEncoderRotativo>.
WARNING:Xst:2677 - Node <clkdiv_21> of sequential type is unconnected in block <giroEncoderRotativo>.
WARNING:Xst:2677 - Node <clkdiv_22> of sequential type is unconnected in block <giroEncoderRotativo>.
WARNING:Xst:2677 - Node <clkdiv_23> of sequential type is unconnected in block <giroEncoderRotativo>.
WARNING:Xst:2677 - Node <clkdiv_24> of sequential type is unconnected in block <giroEncoderRotativo>.
WARNING:Xst:2677 - Node <clkdiv_25> of sequential type is unconnected in block <giroEncoderRotativo>.

Optimizing unit <giroEncoderRotativo> ...

Mapping all equations...
Building and optimizing final netlist ...
Found area constraint ratio of 100 (+ 5) on block giroEncoderRotativo, actual ratio is 0.

Final Macro Processing ...

=========================================================================
Final Register Report

Macro Statistics
# Registers                                            : 23
 Flip-Flops                                            : 23

=========================================================================

=========================================================================
*                           Partition Report                            *
=========================================================================

Partition Implementation Status
-------------------------------

  No Partitions were found in this design.

-------------------------------

=========================================================================
*                            Final Report                               *
=========================================================================
Final Results
RTL Top Level Output File Name     : giroEncoderRotativo.ngr
Top Level Output File Name         : giroEncoderRotativo
Output Format                      : NGC
Optimization Goal                  : Speed
Keep Hierarchy                     : No

Design Statistics
# IOs                              : 5

Cell Usage :
# BELS                             : 67
#      GND                         : 1
#      INV                         : 1
#      LUT1                        : 15
#      LUT2                        : 5
#      LUT3                        : 1
#      LUT3_L                      : 2
#      LUT4                        : 7
#      LUT4_L                      : 2
#      MUXCY                       : 15
#      MUXF5                       : 1
#      VCC                         : 1
#      XORCY                       : 16
# FlipFlops/Latches                : 23
#      FD                          : 20
#      FDS                         : 3
# Clock Buffers                    : 1
#      BUFGP                       : 1
# IO Buffers                       : 4
#      IBUF                        : 2
#      OBUF                        : 2
=========================================================================

Device utilization summary:
---------------------------

Selected Device : 3s500efg320-5 

 Number of Slices:                       17  out of   4656     0%  
 Number of Slice Flip Flops:             23  out of   9312     0%  
 Number of 4 input LUTs:                 33  out of   9312     0%  
 Number of IOs:                           5
 Number of bonded IOBs:                   5  out of    232     2%  
 Number of GCLKs:                         1  out of     24     4%  

---------------------------
Partition Resource Summary:
---------------------------

  No Partitions were found in this design.

---------------------------


=========================================================================
TIMING REPORT

NOTE: THESE TIMING NUMBERS ARE ONLY A SYNTHESIS ESTIMATE.
      FOR ACCURATE TIMING INFORMATION PLEASE REFER TO THE TRACE REPORT
      GENERATED AFTER PLACE-and-ROUTE.

Clock Information:
------------------
-----------------------------------+------------------------------+-------+
Clock Signal                       | Clock buffer(FF name)        | Load  |
-----------------------------------+------------------------------+-------+
clkdiv_7                           | NONE(delay_1_0)              | 4     |
clk                                | BUFGP                        | 16    |
clkdiv_15                          | NONE(estadoPresente_FSM_FFd3)| 3     |
-----------------------------------+------------------------------+-------+
INFO:Xst:2169 - HDL ADVISOR - Some clock signals were not automatically buffered by XST with BUFG/BUFR resources. Please use the buffer_type constraint in order to insert these buffers to the clock signals to help prevent skew problems.

Asynchronous Control Signals Information:
----------------------------------------
No asynchronous control signals found in this design

Timing Summary:
---------------
Speed Grade: -5

   Minimum period: 3.720ns (Maximum Frequency: 268.817MHz)
   Minimum input arrival time before clock: 1.731ns
   Maximum output required time after clock: 5.501ns
   Maximum combinational path delay: No path found

Timing Detail:
--------------
All values displayed in nanoseconds (ns)

=========================================================================
Timing constraint: Default period analysis for Clock 'clkdiv_7'
  Clock period: 1.425ns (frequency: 701.533MHz)
  Total number of paths / destination ports: 2 / 2
-------------------------------------------------------------------------
Delay:               1.425ns (Levels of Logic = 0)
  Source:            delay_1_1 (FF)
  Destination:       delay_2_1 (FF)
  Source Clock:      clkdiv_7 rising
  Destination Clock: clkdiv_7 rising

  Data Path: delay_1_1 to delay_2_1
                                Gate     Net
    Cell:in->out      fanout   Delay   Delay  Logical Name (Net Name)
    ----------------------------------------  ------------
     FD:C->Q               8   0.514   0.643  delay_1_1 (delay_1_1)
     FD:D                      0.268          delay_2_1
    ----------------------------------------
    Total                      1.425ns (0.782ns logic, 0.643ns route)
                                       (54.9% logic, 45.1% route)

=========================================================================
Timing constraint: Default period analysis for Clock 'clk'
  Clock period: 3.676ns (frequency: 272.072MHz)
  Total number of paths / destination ports: 136 / 16
-------------------------------------------------------------------------
Delay:               3.676ns (Levels of Logic = 16)
  Source:            clkdiv_1 (FF)
  Destination:       clkdiv_15 (FF)
  Source Clock:      clk rising
  Destination Clock: clk rising

  Data Path: clkdiv_1 to clkdiv_15
                                Gate     Net
    Cell:in->out      fanout   Delay   Delay  Logical Name (Net Name)
    ----------------------------------------  ------------
     FD:C->Q               1   0.514   0.509  clkdiv_1 (clkdiv_1)
     LUT1:I0->O            1   0.612   0.000  Mcount_clkdiv_cy<1>_rt (Mcount_clkdiv_cy<1>_rt)
     MUXCY:S->O            1   0.404   0.000  Mcount_clkdiv_cy<1> (Mcount_clkdiv_cy<1>)
     MUXCY:CI->O           1   0.051   0.000  Mcount_clkdiv_cy<2> (Mcount_clkdiv_cy<2>)
     MUXCY:CI->O           1   0.051   0.000  Mcount_clkdiv_cy<3> (Mcount_clkdiv_cy<3>)
     MUXCY:CI->O           1   0.051   0.000  Mcount_clkdiv_cy<4> (Mcount_clkdiv_cy<4>)
     MUXCY:CI->O           1   0.051   0.000  Mcount_clkdiv_cy<5> (Mcount_clkdiv_cy<5>)
     MUXCY:CI->O           1   0.051   0.000  Mcount_clkdiv_cy<6> (Mcount_clkdiv_cy<6>)
     MUXCY:CI->O           1   0.051   0.000  Mcount_clkdiv_cy<7> (Mcount_clkdiv_cy<7>)
     MUXCY:CI->O           1   0.051   0.000  Mcount_clkdiv_cy<8> (Mcount_clkdiv_cy<8>)
     MUXCY:CI->O           1   0.051   0.000  Mcount_clkdiv_cy<9> (Mcount_clkdiv_cy<9>)
     MUXCY:CI->O           1   0.051   0.000  Mcount_clkdiv_cy<10> (Mcount_clkdiv_cy<10>)
     MUXCY:CI->O           1   0.051   0.000  Mcount_clkdiv_cy<11> (Mcount_clkdiv_cy<11>)
     MUXCY:CI->O           1   0.051   0.000  Mcount_clkdiv_cy<12> (Mcount_clkdiv_cy<12>)
     MUXCY:CI->O           1   0.051   0.000  Mcount_clkdiv_cy<13> (Mcount_clkdiv_cy<13>)
     MUXCY:CI->O           0   0.051   0.000  Mcount_clkdiv_cy<14> (Mcount_clkdiv_cy<14>)
     XORCY:CI->O           1   0.699   0.000  Mcount_clkdiv_xor<15> (Result<15>)
     FD:D                      0.268          clkdiv_15
    ----------------------------------------
    Total                      3.676ns (3.167ns logic, 0.509ns route)
                                       (86.2% logic, 13.8% route)

=========================================================================
Timing constraint: Default period analysis for Clock 'clkdiv_15'
  Clock period: 3.720ns (frequency: 268.817MHz)
  Total number of paths / destination ports: 19 / 6
-------------------------------------------------------------------------
Delay:               3.720ns (Levels of Logic = 2)
  Source:            estadoPresente_FSM_FFd3 (FF)
  Destination:       estadoPresente_FSM_FFd1 (FF)
  Source Clock:      clkdiv_15 rising
  Destination Clock: clkdiv_15 rising

  Data Path: estadoPresente_FSM_FFd3 to estadoPresente_FSM_FFd1
                                Gate     Net
    Cell:in->out      fanout   Delay   Delay  Logical Name (Net Name)
    ----------------------------------------  ------------
     FDS:C->Q              9   0.514   0.727  estadoPresente_FSM_FFd3 (estadoPresente_FSM_FFd3)
     LUT3_L:I2->LO         1   0.612   0.103  estadoPresente_FSM_FFd1-In4 (estadoPresente_FSM_FFd1-In4)
     LUT4:I3->O            1   0.612   0.357  estadoPresente_FSM_FFd1-In20 (estadoPresente_FSM_FFd1-In20)
     FDS:S                     0.795          estadoPresente_FSM_FFd1
    ----------------------------------------
    Total                      3.720ns (2.533ns logic, 1.187ns route)
                                       (68.1% logic, 31.9% route)

=========================================================================
Timing constraint: Default OFFSET IN BEFORE for Clock 'clkdiv_7'
  Total number of paths / destination ports: 2 / 2
-------------------------------------------------------------------------
Offset:              1.731ns (Levels of Logic = 1)
  Source:            pinesAB<0> (PAD)
  Destination:       delay_1_0 (FF)
  Destination Clock: clkdiv_7 rising

  Data Path: pinesAB<0> to delay_1_0
                                Gate     Net
    Cell:in->out      fanout   Delay   Delay  Logical Name (Net Name)
    ----------------------------------------  ------------
     IBUF:I->O             1   1.106   0.357  pinesAB_0_IBUF (pinesAB_0_IBUF)
     FD:D                      0.268          delay_1_0
    ----------------------------------------
    Total                      1.731ns (1.374ns logic, 0.357ns route)
                                       (79.4% logic, 20.6% route)

=========================================================================
Timing constraint: Default OFFSET OUT AFTER for Clock 'clkdiv_15'
  Total number of paths / destination ports: 4 / 2
-------------------------------------------------------------------------
Offset:              5.501ns (Levels of Logic = 2)
  Source:            estadoPresente_FSM_FFd3 (FF)
  Destination:       giroCW (PAD)
  Source Clock:      clkdiv_15 rising

  Data Path: estadoPresente_FSM_FFd3 to giroCW
                                Gate     Net
    Cell:in->out      fanout   Delay   Delay  Logical Name (Net Name)
    ----------------------------------------  ------------
     FDS:C->Q              9   0.514   0.849  estadoPresente_FSM_FFd3 (estadoPresente_FSM_FFd3)
     LUT2:I0->O            1   0.612   0.357  estadoPresente_FSM_Out11 (giroCCW_OBUF)
     OBUF:I->O                 3.169          giroCCW_OBUF (giroCCW)
    ----------------------------------------
    Total                      5.501ns (4.295ns logic, 1.206ns route)
                                       (78.1% logic, 21.9% route)

=========================================================================


Total REAL time to Xst completion: 4.00 secs
Total CPU time to Xst completion: 0.94 secs
 
--> 


Total memory usage is 614136 kilobytes

Number of errors   :    0 (   0 filtered)
Number of warnings :   10 (   0 filtered)
Number of infos    :    1 (   0 filtered)

