ISim log file
Running: /home/ise/Aprendiendo/VHDL_Verilog/18.-MotorAPasosBipolarPasosTLD/controlPasosMotor_isim_beh.exe -intstyle ise -gui -tclbatch isim.cmd -wdb /home/ise/Aprendiendo/VHDL_Verilog/18.-MotorAPasosBipolarPasosTLD/controlPasosMotor_isim_beh.wdb 
ISim P.20131013 (signature 0xfbc00daa)
----------------------------------------------------------------------
WARNING:Security:42 - Your software subscription period has lapsed. Your current version of Xilinx tools will continue to function, but you no longer qualify for Xilinx software updates or new releases.


----------------------------------------------------------------------
This is a Full version of ISim.
Time resolution is 1 ps
# onerror resume
# wave add /
# run 1000 ns
Simulator is doing circuit initialization process.
Finished circuit initialization process.
# isim force add /controlPasosMotor/direccionGiro 1 -radix bin -cancel 1 us
# isim force add /controlPasosMotor/direccionGiro 1 -radix bin -cancel 1 us
# isim force add /controlPasosMotor/selectPaso 001 -radix bin -value 010 -radix bin -time 5 ns -repeat 10 ns
# isim force add /controlPasosMotor/selectPaso 001 -radix bin -value 010 -radix bin -time 5 ns -repeat 10 ns
# run 1.00us
# isim force add /controlPasosMotor/selectPaso 011 -radix bin -value 100 -radix bin -time 5 ns -repeat 10 ns
# isim force add /controlPasosMotor/selectPaso 011 -radix bin -value 100 -radix bin -time 5 ns -repeat 10 ns
# run 1.00us
# exit 0
