Release 14.7 - xst P.20131013 (lin64)
Copyright (c) 1995-2013 Xilinx, Inc.  All rights reserved.
--> 
Parameter TMPDIR set to xst/projnav.tmp


Total REAL time to Xst completion: 1.00 secs
Total CPU time to Xst completion: 0.00 secs
 
--> 
Parameter xsthdpdir set to xst


Total REAL time to Xst completion: 1.00 secs
Total CPU time to Xst completion: 0.00 secs
 
--> 
Reading design: MotorAPasosBipolarPasosTLD.prj

TABLE OF CONTENTS
  1) Synthesis Options Summary
  2) HDL Compilation
  3) Design Hierarchy Analysis
  4) HDL Analysis
  5) HDL Synthesis
     5.1) HDL Synthesis Report
  6) Advanced HDL Synthesis
     6.1) Advanced HDL Synthesis Report
  7) Low Level Synthesis
  8) Partition Report
  9) Final Report
	9.1) Device utilization summary
	9.2) Partition Resource Summary
	9.3) TIMING REPORT


=========================================================================
*                      Synthesis Options Summary                        *
=========================================================================
---- Source Parameters
Input File Name                    : "MotorAPasosBipolarPasosTLD.prj"
Input Format                       : mixed
Ignore Synthesis Constraint File   : NO

---- Target Parameters
Output File Name                   : "MotorAPasosBipolarPasosTLD"
Output Format                      : NGC
Target Device                      : xc3s500e-5-fg320

---- Source Options
Top Module Name                    : MotorAPasosBipolarPasosTLD
Automatic FSM Extraction           : YES
FSM Encoding Algorithm             : Auto
Safe Implementation                : No
FSM Style                          : LUT
RAM Extraction                     : Yes
RAM Style                          : Auto
ROM Extraction                     : Yes
Mux Style                          : Auto
Decoder Extraction                 : YES
Priority Encoder Extraction        : Yes
Shift Register Extraction          : YES
Logical Shifter Extraction         : YES
XOR Collapsing                     : YES
ROM Style                          : Auto
Mux Extraction                     : Yes
Resource Sharing                   : YES
Asynchronous To Synchronous        : NO
Multiplier Style                   : Auto
Automatic Register Balancing       : No

---- Target Options
Add IO Buffers                     : YES
Global Maximum Fanout              : 100000
Add Generic Clock Buffer(BUFG)     : 24
Register Duplication               : YES
Slice Packing                      : YES
Optimize Instantiated Primitives   : NO
Use Clock Enable                   : Yes
Use Synchronous Set                : Yes
Use Synchronous Reset              : Yes
Pack IO Registers into IOBs        : Auto
Equivalent register Removal        : YES

---- General Options
Optimization Goal                  : Speed
Optimization Effort                : 1
Keep Hierarchy                     : No
Netlist Hierarchy                  : As_Optimized
RTL Output                         : Yes
Global Optimization                : AllClockNets
Read Cores                         : YES
Write Timing Constraints           : NO
Cross Clock Analysis               : NO
Hierarchy Separator                : /
Bus Delimiter                      : <>
Case Specifier                     : Maintain
Slice Utilization Ratio            : 100
BRAM Utilization Ratio             : 100
Verilog 2001                       : YES
Auto BRAM Packing                  : NO
Slice Utilization Ratio Delta      : 5

=========================================================================


=========================================================================
*                          HDL Compilation                              *
=========================================================================
Compiling verilog file "divisorDeReloj.v" in library work
Compiling verilog file "controlMotor.v" in library work
Module <divisorDeReloj> compiled
Compiling verilog file "MotorAPasosBipolarPasosTLD.v" in library work
Module <controlPasosMotor> compiled
Module <MotorAPasosBipolarPasosTLD> compiled
No errors in compilation
Analysis of file <"MotorAPasosBipolarPasosTLD.prj"> succeeded.
 

=========================================================================
*                     Design Hierarchy Analysis                         *
=========================================================================
Analyzing hierarchy for module <MotorAPasosBipolarPasosTLD> in library <work>.

Analyzing hierarchy for module <divisorDeReloj> in library <work>.

Analyzing hierarchy for module <controlPasosMotor> in library <work>.


=========================================================================
*                            HDL Analysis                               *
=========================================================================
Analyzing top module <MotorAPasosBipolarPasosTLD>.
Module <MotorAPasosBipolarPasosTLD> is correct for synthesis.
 
Analyzing module <divisorDeReloj> in library <work>.
Module <divisorDeReloj> is correct for synthesis.
 
Analyzing module <controlPasosMotor> in library <work>.
Module <controlPasosMotor> is correct for synthesis.
 

=========================================================================
*                           HDL Synthesis                               *
=========================================================================

Performing bidirectional port resolution...

Synthesizing Unit <divisorDeReloj>.
    Related source file is "divisorDeReloj.v".
    Found 25-bit up counter for signal <divisorDeReloj>.
    Summary:
	inferred   1 Counter(s).
Unit <divisorDeReloj> synthesized.


Synthesizing Unit <controlPasosMotor>.
    Related source file is "controlMotor.v".
Unit <controlPasosMotor> synthesized.


Synthesizing Unit <MotorAPasosBipolarPasosTLD>.
    Related source file is "MotorAPasosBipolarPasosTLD.v".
Unit <MotorAPasosBipolarPasosTLD> synthesized.


=========================================================================
HDL Synthesis Report

Macro Statistics
# Counters                                             : 1
 25-bit up counter                                     : 1

=========================================================================

=========================================================================
*                       Advanced HDL Synthesis                          *
=========================================================================


=========================================================================
Advanced HDL Synthesis Report

Macro Statistics
# Counters                                             : 1
 25-bit up counter                                     : 1

=========================================================================

=========================================================================
*                         Low Level Synthesis                           *
=========================================================================
WARNING:Xst:2677 - Node <Divisor_frec/divisorDeReloj_11> of sequential type is unconnected in block <MotorAPasosBipolarPasosTLD>.
WARNING:Xst:2677 - Node <Divisor_frec/divisorDeReloj_12> of sequential type is unconnected in block <MotorAPasosBipolarPasosTLD>.
WARNING:Xst:2677 - Node <Divisor_frec/divisorDeReloj_13> of sequential type is unconnected in block <MotorAPasosBipolarPasosTLD>.
WARNING:Xst:2677 - Node <Divisor_frec/divisorDeReloj_14> of sequential type is unconnected in block <MotorAPasosBipolarPasosTLD>.
WARNING:Xst:2677 - Node <Divisor_frec/divisorDeReloj_15> of sequential type is unconnected in block <MotorAPasosBipolarPasosTLD>.
WARNING:Xst:2677 - Node <Divisor_frec/divisorDeReloj_16> of sequential type is unconnected in block <MotorAPasosBipolarPasosTLD>.
WARNING:Xst:2677 - Node <Divisor_frec/divisorDeReloj_17> of sequential type is unconnected in block <MotorAPasosBipolarPasosTLD>.
WARNING:Xst:2677 - Node <Divisor_frec/divisorDeReloj_18> of sequential type is unconnected in block <MotorAPasosBipolarPasosTLD>.
WARNING:Xst:2677 - Node <Divisor_frec/divisorDeReloj_19> of sequential type is unconnected in block <MotorAPasosBipolarPasosTLD>.
WARNING:Xst:2677 - Node <Divisor_frec/divisorDeReloj_20> of sequential type is unconnected in block <MotorAPasosBipolarPasosTLD>.
WARNING:Xst:2677 - Node <Divisor_frec/divisorDeReloj_21> of sequential type is unconnected in block <MotorAPasosBipolarPasosTLD>.
WARNING:Xst:2677 - Node <Divisor_frec/divisorDeReloj_22> of sequential type is unconnected in block <MotorAPasosBipolarPasosTLD>.
WARNING:Xst:2677 - Node <Divisor_frec/divisorDeReloj_23> of sequential type is unconnected in block <MotorAPasosBipolarPasosTLD>.
WARNING:Xst:2677 - Node <Divisor_frec/divisorDeReloj_24> of sequential type is unconnected in block <MotorAPasosBipolarPasosTLD>.

Optimizing unit <MotorAPasosBipolarPasosTLD> ...

Mapping all equations...
Building and optimizing final netlist ...
Found area constraint ratio of 100 (+ 5) on block MotorAPasosBipolarPasosTLD, actual ratio is 0.

Final Macro Processing ...

=========================================================================
Final Register Report

Macro Statistics
# Registers                                            : 11
 Flip-Flops                                            : 11

=========================================================================

=========================================================================
*                           Partition Report                            *
=========================================================================

Partition Implementation Status
-------------------------------

  No Partitions were found in this design.

-------------------------------

=========================================================================
*                            Final Report                               *
=========================================================================
Final Results
RTL Top Level Output File Name     : MotorAPasosBipolarPasosTLD.ngr
Top Level Output File Name         : MotorAPasosBipolarPasosTLD
Output Format                      : NGC
Optimization Goal                  : Speed
Keep Hierarchy                     : No

Design Statistics
# IOs                              : 15

Cell Usage :
# BELS                             : 37
#      GND                         : 1
#      INV                         : 1
#      LUT1                        : 10
#      LUT3                        : 3
#      MUXCY                       : 10
#      VCC                         : 1
#      XORCY                       : 11
# FlipFlops/Latches                : 11
#      FDC                         : 11
# Clock Buffers                    : 1
#      BUFGP                       : 1
# IO Buffers                       : 14
#      IBUF                        : 5
#      OBUF                        : 9
=========================================================================

Device utilization summary:
---------------------------

Selected Device : 3s500efg320-5 

 Number of Slices:                        8  out of   4656     0%  
 Number of Slice Flip Flops:             11  out of   9312     0%  
 Number of 4 input LUTs:                 14  out of   9312     0%  
 Number of IOs:                          15
 Number of bonded IOBs:                  15  out of    232     6%  
 Number of GCLKs:                         1  out of     24     4%  

---------------------------
Partition Resource Summary:
---------------------------

  No Partitions were found in this design.

---------------------------


=========================================================================
TIMING REPORT

NOTE: THESE TIMING NUMBERS ARE ONLY A SYNTHESIS ESTIMATE.
      FOR ACCURATE TIMING INFORMATION PLEASE REFER TO THE TRACE REPORT
      GENERATED AFTER PLACE-and-ROUTE.

Clock Information:
------------------
-----------------------------------+------------------------+-------+
Clock Signal                       | Clock buffer(FF name)  | Load  |
-----------------------------------+------------------------+-------+
clk                                | BUFGP                  | 11    |
-----------------------------------+------------------------+-------+

Asynchronous Control Signals Information:
----------------------------------------
-----------------------------------+------------------------+-------+
Control Signal                     | Buffer(FF name)        | Load  |
-----------------------------------+------------------------+-------+
rst                                | IBUF                   | 11    |
-----------------------------------+------------------------+-------+

Timing Summary:
---------------
Speed Grade: -5

   Minimum period: 3.418ns (Maximum Frequency: 292.569MHz)
   Minimum input arrival time before clock: No path found
   Maximum output required time after clock: 4.063ns
   Maximum combinational path delay: 5.870ns

Timing Detail:
--------------
All values displayed in nanoseconds (ns)

=========================================================================
Timing constraint: Default period analysis for Clock 'clk'
  Clock period: 3.418ns (frequency: 292.569MHz)
  Total number of paths / destination ports: 66 / 11
-------------------------------------------------------------------------
Delay:               3.418ns (Levels of Logic = 11)
  Source:            Divisor_frec/divisorDeReloj_1 (FF)
  Destination:       Divisor_frec/divisorDeReloj_10 (FF)
  Source Clock:      clk rising
  Destination Clock: clk rising

  Data Path: Divisor_frec/divisorDeReloj_1 to Divisor_frec/divisorDeReloj_10
                                Gate     Net
    Cell:in->out      fanout   Delay   Delay  Logical Name (Net Name)
    ----------------------------------------  ------------
     FDC:C->Q              1   0.514   0.509  Divisor_frec/divisorDeReloj_1 (Divisor_frec/divisorDeReloj_1)
     LUT1:I0->O            1   0.612   0.000  Divisor_frec/Mcount_divisorDeReloj_cy<1>_rt (Divisor_frec/Mcount_divisorDeReloj_cy<1>_rt)
     MUXCY:S->O            1   0.404   0.000  Divisor_frec/Mcount_divisorDeReloj_cy<1> (Divisor_frec/Mcount_divisorDeReloj_cy<1>)
     MUXCY:CI->O           1   0.051   0.000  Divisor_frec/Mcount_divisorDeReloj_cy<2> (Divisor_frec/Mcount_divisorDeReloj_cy<2>)
     MUXCY:CI->O           1   0.051   0.000  Divisor_frec/Mcount_divisorDeReloj_cy<3> (Divisor_frec/Mcount_divisorDeReloj_cy<3>)
     MUXCY:CI->O           1   0.051   0.000  Divisor_frec/Mcount_divisorDeReloj_cy<4> (Divisor_frec/Mcount_divisorDeReloj_cy<4>)
     MUXCY:CI->O           1   0.051   0.000  Divisor_frec/Mcount_divisorDeReloj_cy<5> (Divisor_frec/Mcount_divisorDeReloj_cy<5>)
     MUXCY:CI->O           1   0.051   0.000  Divisor_frec/Mcount_divisorDeReloj_cy<6> (Divisor_frec/Mcount_divisorDeReloj_cy<6>)
     MUXCY:CI->O           1   0.051   0.000  Divisor_frec/Mcount_divisorDeReloj_cy<7> (Divisor_frec/Mcount_divisorDeReloj_cy<7>)
     MUXCY:CI->O           1   0.051   0.000  Divisor_frec/Mcount_divisorDeReloj_cy<8> (Divisor_frec/Mcount_divisorDeReloj_cy<8>)
     MUXCY:CI->O           0   0.051   0.000  Divisor_frec/Mcount_divisorDeReloj_cy<9> (Divisor_frec/Mcount_divisorDeReloj_cy<9>)
     XORCY:CI->O           1   0.699   0.000  Divisor_frec/Mcount_divisorDeReloj_xor<10> (Result<10>)
     FDC:D                     0.268          Divisor_frec/divisorDeReloj_10
    ----------------------------------------
    Total                      3.418ns (2.909ns logic, 0.509ns route)
                                       (85.1% logic, 14.9% route)

=========================================================================
Timing constraint: Default OFFSET OUT AFTER for Clock 'clk'
  Total number of paths / destination ports: 1 / 1
-------------------------------------------------------------------------
Offset:              4.063ns (Levels of Logic = 1)
  Source:            Divisor_frec/divisorDeReloj_10 (FF)
  Destination:       STEP (PAD)
  Source Clock:      clk rising

  Data Path: Divisor_frec/divisorDeReloj_10 to STEP
                                Gate     Net
    Cell:in->out      fanout   Delay   Delay  Logical Name (Net Name)
    ----------------------------------------  ------------
     FDC:C->Q              2   0.514   0.380  Divisor_frec/divisorDeReloj_10 (Divisor_frec/divisorDeReloj_10)
     OBUF:I->O                 3.169          STEP_OBUF (STEP)
    ----------------------------------------
    Total                      4.063ns (3.683ns logic, 0.380ns route)
                                       (90.6% logic, 9.4% route)

=========================================================================
Timing constraint: Default path analysis
  Total number of paths / destination ports: 20 / 8
-------------------------------------------------------------------------
Delay:               5.870ns (Levels of Logic = 3)
  Source:            secuenciaPasos<2> (PAD)
  Destination:       ledsMicroStepping<2> (PAD)

  Data Path: secuenciaPasos<2> to ledsMicroStepping<2>
                                Gate     Net
    Cell:in->out      fanout   Delay   Delay  Logical Name (Net Name)
    ----------------------------------------  ------------
     IBUF:I->O             3   1.106   0.603  secuenciaPasos_2_IBUF (secuenciaPasos_2_IBUF)
     LUT3:I0->O            2   0.612   0.380  motorNEMA17/ledMS<2>1 (ledsMicroStepping_2_OBUF)
     OBUF:I->O                 3.169          ledsMicroStepping_2_OBUF (ledsMicroStepping<2>)
    ----------------------------------------
    Total                      5.870ns (4.887ns logic, 0.983ns route)
                                       (83.2% logic, 16.8% route)

=========================================================================


Total REAL time to Xst completion: 3.00 secs
Total CPU time to Xst completion: 0.88 secs
 
--> 


Total memory usage is 509944 kilobytes

Number of errors   :    0 (   0 filtered)
Number of warnings :   14 (   0 filtered)
Number of infos    :    0 (   0 filtered)

