ISim log file
Running: /home/ise/Aprendiendo/VHDL_Verilog/23.-ArrayRAM_ROMVerilog/memoriaRAM_ROM_isim_beh.exe -intstyle ise -gui -tclbatch isim.cmd -wdb /home/ise/Aprendiendo/VHDL_Verilog/23.-ArrayRAM_ROMVerilog/memoriaRAM_ROM_isim_beh.wdb 
ISim P.20131013 (signature 0xfbc00daa)
----------------------------------------------------------------------
WARNING:Security:42 - Your software subscription period has lapsed. Your current version of Xilinx tools will continue to function, but you no longer qualify for Xilinx software updates or new releases.


----------------------------------------------------------------------
This is a Full version of ISim.
Time resolution is 1 ps
# onerror resume
# wave add /
# run 1000 ns
Simulator is doing circuit initialization process.
ERROR: In process RAMROM.vCont_105_5 
 FATAL ERROR:ISim: This application has discovered an exceptional condition from which it cannot recover. Process will terminate. To search for possible resolutions to this issue, refer to the Xilinx answer database by going to http://www.xilinx.com/support/answers/index.htm and search with keywords 'ISim' and 'FATAL ERROR'. For technical support on this issue, please open a WebCase with this project attached at http://www.xilinx.com/support.
INFO: Simulator is stopped.
# isim force add /memoriaRAM_ROM/clk 0 -radix bin -value 1 -radix bin -time 1 ms -repeat 2 ms
# isim force add /memoriaRAM_ROM/clk 0 -radix bin -value 1 -radix bin -time 1 ms -repeat 2 ms
# isim force add /memoriaRAM_ROM/adressBus 001 -radix bin -value 010 -radix bin -time 5 ms -repeat 10 ms
# isim force add /memoriaRAM_ROM/adressBus 001 -radix bin -value 010 -radix bin -time 5 ms -repeat 10 ms
# isim force add /memoriaRAM_ROM/RW 1 -radix bin
# isim force add /memoriaRAM_ROM/RW 1 -radix bin
# isim force add /memoriaRAM_ROM/RW 1 -radix bin
# isim force add /memoriaRAM_ROM/RW 1 -radix bin
# isim force add /memoriaRAM_ROM/CS 1 -radix bin
# isim force add /memoriaRAM_ROM/CS 1 -radix bin
# run 50ms
INFO: Simulator is stopped.
# run 50ms
INFO: Simulator is stopped.
# exit 0
