Release 14.7 - xst P.20131013 (nt64)
Copyright (c) 1995-2013 Xilinx, Inc.  All rights reserved.
--> Parameter TMPDIR set to xst/projnav.tmp


Total REAL time to Xst completion: 0.00 secs
Total CPU time to Xst completion: 0.20 secs
 
--> Parameter xsthdpdir set to xst


Total REAL time to Xst completion: 0.00 secs
Total CPU time to Xst completion: 0.20 secs
 
--> Reading design: contadorAscendente.prj

TABLE OF CONTENTS
  1) Synthesis Options Summary
  2) HDL Compilation
  3) Design Hierarchy Analysis
  4) HDL Analysis
  5) HDL Synthesis
     5.1) HDL Synthesis Report
  6) Advanced HDL Synthesis
     6.1) Advanced HDL Synthesis Report
  7) Low Level Synthesis
  8) Partition Report
  9) Final Report
	9.1) Device utilization summary
	9.2) Partition Resource Summary
	9.3) TIMING REPORT


=========================================================================
*                      Synthesis Options Summary                        *
=========================================================================
---- Source Parameters
Input File Name                    : "contadorAscendente.prj"
Input Format                       : mixed
Ignore Synthesis Constraint File   : NO

---- Target Parameters
Output File Name                   : "contadorAscendente"
Output Format                      : NGC
Target Device                      : xc3s500e-5-fg320

---- Source Options
Top Module Name                    : contadorAscendente
Automatic FSM Extraction           : YES
FSM Encoding Algorithm             : Auto
Safe Implementation                : No
FSM Style                          : LUT
RAM Extraction                     : Yes
RAM Style                          : Auto
ROM Extraction                     : Yes
Mux Style                          : Auto
Decoder Extraction                 : YES
Priority Encoder Extraction        : Yes
Shift Register Extraction          : YES
Logical Shifter Extraction         : YES
XOR Collapsing                     : YES
ROM Style                          : Auto
Mux Extraction                     : Yes
Resource Sharing                   : YES
Asynchronous To Synchronous        : NO
Multiplier Style                   : Auto
Automatic Register Balancing       : No

---- Target Options
Add IO Buffers                     : YES
Global Maximum Fanout              : 500
Add Generic Clock Buffer(BUFG)     : 24
Register Duplication               : YES
Slice Packing                      : YES
Optimize Instantiated Primitives   : NO
Use Clock Enable                   : Yes
Use Synchronous Set                : Yes
Use Synchronous Reset              : Yes
Pack IO Registers into IOBs        : Auto
Equivalent register Removal        : YES

---- General Options
Optimization Goal                  : Speed
Optimization Effort                : 1
Keep Hierarchy                     : No
Netlist Hierarchy                  : As_Optimized
RTL Output                         : Yes
Global Optimization                : AllClockNets
Read Cores                         : YES
Write Timing Constraints           : NO
Cross Clock Analysis               : NO
Hierarchy Separator                : /
Bus Delimiter                      : <>
Case Specifier                     : Maintain
Slice Utilization Ratio            : 100
BRAM Utilization Ratio             : 100
Verilog 2001                       : YES
Auto BRAM Packing                  : NO
Slice Utilization Ratio Delta      : 5

=========================================================================


=========================================================================
*                          HDL Compilation                              *
=========================================================================
Compiling vhdl file "C:/DLPs/practica1punto3VHDL/contadorAscendenteDescendente.vhd" in Library work.
Architecture behavioral of Entity contadorascendente is up to date.

=========================================================================
*                     Design Hierarchy Analysis                         *
=========================================================================
Analyzing hierarchy for entity <contadorAscendente> in library <work> (architecture <behavioral>).


=========================================================================
*                            HDL Analysis                               *
=========================================================================
Analyzing Entity <contadorAscendente> in library <work> (Architecture <behavioral>).
Entity <contadorAscendente> analyzed. Unit <contadorAscendente> generated.


=========================================================================
*                           HDL Synthesis                               *
=========================================================================

Performing bidirectional port resolution...

Synthesizing Unit <contadorAscendente>.
    Related source file is "C:/DLPs/practica1punto3VHDL/contadorAscendenteDescendente.vhd".
    Found 4-bit updown counter for signal <conteoAscendenteDescendente>.
    Summary:
	inferred   1 Counter(s).
Unit <contadorAscendente> synthesized.


=========================================================================
HDL Synthesis Report

Macro Statistics
# Counters                                             : 1
 4-bit updown counter                                  : 1

=========================================================================

=========================================================================
*                       Advanced HDL Synthesis                          *
=========================================================================


=========================================================================
Advanced HDL Synthesis Report

Macro Statistics
# Counters                                             : 1
 4-bit updown counter                                  : 1

=========================================================================

=========================================================================
*                         Low Level Synthesis                           *
=========================================================================

Optimizing unit <contadorAscendente> ...

Mapping all equations...
Building and optimizing final netlist ...
Found area constraint ratio of 100 (+ 5) on block contadorAscendente, actual ratio is 0.

Final Macro Processing ...

=========================================================================
Final Register Report

Macro Statistics
# Registers                                            : 4
 Flip-Flops                                            : 4

=========================================================================

=========================================================================
*                           Partition Report                            *
=========================================================================

Partition Implementation Status
-------------------------------

  No Partitions were found in this design.

-------------------------------

=========================================================================
*                            Final Report                               *
=========================================================================
Final Results
RTL Top Level Output File Name     : contadorAscendente.ngr
Top Level Output File Name         : contadorAscendente
Output Format                      : NGC
Optimization Goal                  : Speed
Keep Hierarchy                     : No

Design Statistics
# IOs                              : 8

Cell Usage :
# BELS                             : 7
#      INV                         : 1
#      LUT2                        : 1
#      LUT3                        : 2
#      LUT3_L                      : 1
#      LUT4                        : 1
#      LUT4_L                      : 1
# FlipFlops/Latches                : 4
#      FDC                         : 4
# Clock Buffers                    : 1
#      BUFGP                       : 1
# IO Buffers                       : 7
#      IBUF                        : 3
#      OBUF                        : 4
=========================================================================

Device utilization summary:
---------------------------

Selected Device : 3s500efg320-5 

 Number of Slices:                        4  out of   4656     0%  
 Number of Slice Flip Flops:              4  out of   9312     0%  
 Number of 4 input LUTs:                  7  out of   9312     0%  
 Number of IOs:                           8
 Number of bonded IOBs:                   8  out of    232     3%  
 Number of GCLKs:                         1  out of     24     4%  

---------------------------
Partition Resource Summary:
---------------------------

  No Partitions were found in this design.

---------------------------


=========================================================================
TIMING REPORT

NOTE: THESE TIMING NUMBERS ARE ONLY A SYNTHESIS ESTIMATE.
      FOR ACCURATE TIMING INFORMATION PLEASE REFER TO THE TRACE REPORT
      GENERATED AFTER PLACE-and-ROUTE.

Clock Information:
------------------
-----------------------------------+------------------------+-------+
Clock Signal                       | Clock buffer(FF name)  | Load  |
-----------------------------------+------------------------+-------+
clkNexys2                          | BUFGP                  | 4     |
-----------------------------------+------------------------+-------+

Asynchronous Control Signals Information:
----------------------------------------
-----------------------------------+------------------------------------+-------+
Control Signal                     | Buffer(FF name)                    | Load  |
-----------------------------------+------------------------------------+-------+
Enable_inv(Enable_inv1_INV_0:O)    | NONE(conteoAscendenteDescendente_0)| 4     |
-----------------------------------+------------------------------------+-------+

Timing Summary:
---------------
Speed Grade: -5

   Minimum period: 2.704ns (Maximum Frequency: 369.829MHz)
   Minimum input arrival time before clock: 3.331ns
   Maximum output required time after clock: 4.221ns
   Maximum combinational path delay: No path found

Timing Detail:
--------------
All values displayed in nanoseconds (ns)

=========================================================================
Timing constraint: Default period analysis for Clock 'clkNexys2'
  Clock period: 2.704ns (frequency: 369.829MHz)
  Total number of paths / destination ports: 10 / 4
-------------------------------------------------------------------------
Delay:               2.704ns (Levels of Logic = 2)
  Source:            conteoAscendenteDescendente_1 (FF)
  Destination:       conteoAscendenteDescendente_2 (FF)
  Source Clock:      clkNexys2 rising
  Destination Clock: clkNexys2 rising

  Data Path: conteoAscendenteDescendente_1 to conteoAscendenteDescendente_2
                                Gate     Net
    Cell:in->out      fanout   Delay   Delay  Logical Name (Net Name)
    ----------------------------------------  ------------
     FDC:C->Q              4   0.514   0.568  conteoAscendenteDescendente_1 (conteoAscendenteDescendente_1)
     LUT3_L:I1->LO         1   0.612   0.130  Mcount_conteoAscendenteDescendente_xor<2>111 (N11)
     LUT3:I2->O            1   0.612   0.000  Mcount_conteoAscendenteDescendente_xor<2>12 (Mcount_conteoAscendenteDescendente3)
     FDC:D                     0.268          conteoAscendenteDescendente_2
    ----------------------------------------
    Total                      2.704ns (2.006ns logic, 0.698ns route)
                                       (74.2% logic, 25.8% route)

=========================================================================
Timing constraint: Default OFFSET IN BEFORE for Clock 'clkNexys2'
  Total number of paths / destination ports: 7 / 4
-------------------------------------------------------------------------
Offset:              3.331ns (Levels of Logic = 3)
  Source:            Direccion (PAD)
  Destination:       conteoAscendenteDescendente_2 (FF)
  Destination Clock: clkNexys2 rising

  Data Path: Direccion to conteoAscendenteDescendente_2
                                Gate     Net
    Cell:in->out      fanout   Delay   Delay  Logical Name (Net Name)
    ----------------------------------------  ------------
     IBUF:I->O             3   1.106   0.603  Direccion_IBUF (Direccion_IBUF)
     LUT3_L:I0->LO         1   0.612   0.130  Mcount_conteoAscendenteDescendente_xor<2>111 (N11)
     LUT3:I2->O            1   0.612   0.000  Mcount_conteoAscendenteDescendente_xor<2>12 (Mcount_conteoAscendenteDescendente3)
     FDC:D                     0.268          conteoAscendenteDescendente_2
    ----------------------------------------
    Total                      3.331ns (2.598ns logic, 0.733ns route)
                                       (78.0% logic, 22.0% route)

=========================================================================
Timing constraint: Default OFFSET OUT AFTER for Clock 'clkNexys2'
  Total number of paths / destination ports: 4 / 4
-------------------------------------------------------------------------
Offset:              4.221ns (Levels of Logic = 1)
  Source:            conteoAscendenteDescendente_0 (FF)
  Destination:       Contador<0> (PAD)
  Source Clock:      clkNexys2 rising

  Data Path: conteoAscendenteDescendente_0 to Contador<0>
                                Gate     Net
    Cell:in->out      fanout   Delay   Delay  Logical Name (Net Name)
    ----------------------------------------  ------------
     FDC:C->Q              5   0.514   0.538  conteoAscendenteDescendente_0 (conteoAscendenteDescendente_0)
     OBUF:I->O                 3.169          Contador_0_OBUF (Contador<0>)
    ----------------------------------------
    Total                      4.221ns (3.683ns logic, 0.538ns route)
                                       (87.3% logic, 12.7% route)

=========================================================================


Total REAL time to Xst completion: 8.00 secs
Total CPU time to Xst completion: 8.01 secs
 
--> 

Total memory usage is 4505056 kilobytes

Number of errors   :    0 (   0 filtered)
Number of warnings :    0 (   0 filtered)
Number of infos    :    0 (   0 filtered)

