ISim log file
Running: /home/ise/Aprendiendo/VHDL_Verilog/23.-ArrayRAM_ROMVHDL/memoriaRAM_ROM_isim_beh.exe -intstyle ise -gui -tclbatch isim.cmd -wdb /home/ise/Aprendiendo/VHDL_Verilog/23.-ArrayRAM_ROMVHDL/memoriaRAM_ROM_isim_beh.wdb 
ISim P.20131013 (signature 0xfbc00daa)
----------------------------------------------------------------------
WARNING:Security:42 - Your software subscription period has lapsed. Your current version of Xilinx tools will continue to function, but you no longer qualify for Xilinx software updates or new releases.


----------------------------------------------------------------------
This is a Full version of ISim.
Time resolution is 1 ps
# onerror resume
# wave add /
# run 1000 ns
Simulator is doing circuit initialization process.
at 0 ps, Instance /memoriaram_rom/ : Warning: There is an 'U'|'X'|'W'|'Z'|'-' in an arithmetic operand, the result will be 'X'(es).
at 0 ps, Instance /memoriaram_rom/ : Warning: CONV_INTEGER: There is an 'U'|'X'|'W'|'Z'|'-' in an arithmetic operand, and it has been converted to 0.
at 0 ps, Instance /memoriaram_rom/ : Warning: CONV_INTEGER: There is an 'U'|'X'|'W'|'Z'|'-' in an arithmetic operand, and it has been converted to 0.
Finished circuit initialization process.
# isim force add /memoriaram_rom/clk 0 -radix bin -value 1 -radix bin -time 1 ms -repeat 2 ms
# isim force add /memoriaram_rom/clk 0 -radix bin -value 1 -radix bin -time 1 ms -repeat 2 ms
# isim force add /memoriaram_rom/adressbus 001 -radix bin -value 010 -radix bin -time 5 ms -repeat 10 ms
# isim force add /memoriaram_rom/adressbus 001 -radix bin -value 010 -radix bin -time 5 ms -repeat 10 ms
# isim force add /memoriaram_rom/rw 0 -radix bin
# isim force add /memoriaram_rom/rw 0 -radix bin
# isim force add /memoriaram_rom/datainram 10101111 -radix bin -value 11110101 -radix bin -time 10 ms -repeat 20 ms
# isim force add /memoriaram_rom/datainram 10101111 -radix bin -value 11110101 -radix bin -time 10 ms -repeat 20 ms
# isim force add /memoriaram_rom/cs 0 -radix bin
# isim force add /memoriaram_rom/cs 0 -radix bin
# run 50ms
# exit 0
