Running: C:\Xilinx\14.7\ISE_DS\ISE\bin\nt64\unwrapped\fuse.exe -intstyle ise -incremental -o C:/electDigit/UnionModulosVHDL/TopLevelDesign_isim_beh.exe -prj C:/electDigit/UnionModulosVHDL/TopLevelDesign_beh.prj work.TopLevelDesign 
ISim P.20131013 (signature 0x7708f090)
Number of CPUs detected in this system: 4
Turning on mult-threading, number of parallel sub-compilation jobs: 8 
Determining compilation order of HDL files
Parsing VHDL file "C:/electDigit/UnionModulosVHDL/medioSumador.vhd" into library work
Parsing VHDL file "C:/electDigit/UnionModulosVHDL/compuertaOR.vhd" into library work
Parsing VHDL file "C:/electDigit/UnionModulosVHDL/TopLevelDesign.vhd" into library work
Starting static elaboration
Completed static elaboration
Compiling package standard
Compiling package std_logic_1164
Compiling architecture mediosumador of entity nombreEntidadMedioSumador [nombreentidadmediosumador_defaul...]
Compiling architecture compuertaor of entity nombreEntidadCompuertaOR [nombreentidadcompuertaor_default]
Compiling architecture behavioral of entity topleveldesign
Time Resolution for simulation is 1ps.
Waiting for 1 sub-compilation(s) to finish...
Compiled 7 VHDL Units
Built simulation executable C:/electDigit/UnionModulosVHDL/TopLevelDesign_isim_beh.exe
Fuse Memory Usage: 29744 KB
Fuse CPU Usage: 858 ms
