Running: C:\Xilinx\14.7\ISE_DS\ISE\bin\nt64\unwrapped\fuse.exe -intstyle ise -incremental -lib unisims_ver -lib unimacro_ver -lib xilinxcorelib_ver -o C:/electDigit/unionModulosVerilog/SumadorCompleto_isim_beh.exe -prj C:/electDigit/unionModulosVerilog/SumadorCompleto_beh.prj work.SumadorCompleto work.glbl 
ISim P.20131013 (signature 0x7708f090)
Number of CPUs detected in this system: 4
Turning on mult-threading, number of parallel sub-compilation jobs: 8 
Determining compilation order of HDL files
Analyzing Verilog file "C:/electDigit/unionModulosVerilog/MedioSumador.v" into library work
Analyzing Verilog file "C:/electDigit/unionModulosVerilog/CompuertaOR.v" into library work
Analyzing Verilog file "C:/electDigit/unionModulosVerilog/TopLevelDesignVerilog.v" into library work
Analyzing Verilog file "C:/Xilinx/14.7/ISE_DS/ISE//verilog/src/glbl.v" into library work
Starting static elaboration
Completed static elaboration
Compiling module MedioSumador
Compiling module CompuertaOR
Compiling module SumadorCompleto
Compiling module glbl
Time Resolution for simulation is 1ps.
Waiting for 1 sub-compilation(s) to finish...
Compiled 4 Verilog Units
Built simulation executable C:/electDigit/unionModulosVerilog/SumadorCompleto_isim_beh.exe
Fuse Memory Usage: 27696 KB
Fuse CPU Usage: 734 ms
